Log file open, 09/24/20 17:20:42
LogInit: Display: Running engine for game: ReXRR
LogPlatformFile: Not using cached read wrapper
LogTaskGraph: Started task graph with 5 named threads and 23 total threads with 3 sets of task threads.
LogStats: Stats thread started at 1.008786
LogD3D11RHI: Loaded GFSDK_Aftermath_Lib.x64.dll
LogICUInternationalization: ICU TimeZone Detection - Raw Offset: -6:00, Platform Override: ''
LogPluginManager: Mounting plugin Paper2D
LogPluginManager: Mounting plugin AISupport
LogPluginManager: Mounting plugin LightPropagationVolume
LogPluginManager: Mounting plugin CameraShakePreviewer
LogPluginManager: Mounting plugin ActorLayerUtilities
LogPluginManager: Mounting plugin AnimationSharing
LogPluginManager: Mounting plugin CLionSourceCodeAccess
LogPluginManager: Mounting plugin CodeLiteSourceCodeAccess
LogPluginManager: Mounting plugin GitSourceControl
LogPluginManager: Mounting plugin KDevelopSourceCodeAccess
LogPluginManager: Mounting plugin NullSourceCodeAccess
LogPluginManager: Mounting plugin PerforceSourceControl
LogPluginManager: Mounting plugin PlasticSourceControl
LogPluginManager: Mounting plugin RiderSourceCodeAccess
LogPluginManager: Mounting plugin SubversionSourceControl
LogPluginManager: Mounting plugin UObjectPlugin
LogPluginManager: Mounting plugin VisualStudioCodeSourceCodeAccess
LogPluginManager: Mounting plugin VisualStudioSourceCodeAccess
LogPluginManager: Mounting plugin XCodeSourceCodeAccess
LogPluginManager: Mounting plugin AssetManagerEditor
LogPluginManager: Mounting plugin CryptoKeys
LogPluginManager: Mounting plugin CurveEditorTools
LogPluginManager: Mounting plugin DataValidation
LogPluginManager: Mounting plugin EditorScriptingUtilities
LogPluginManager: Mounting plugin FacialAnimation
LogPluginManager: Mounting plugin GameplayTagsEditor
LogPluginManager: Mounting plugin GeometryMode
LogPluginManager: Mounting plugin GLTFImporter
LogPluginManager: Mounting plugin MacGraphicsSwitching
LogPluginManager: Mounting plugin MaterialAnalyzer
LogPluginManager: Mounting plugin MeshEditor
LogPluginManager: Mounting plugin MobileLauncherProfileWizard
LogPluginManager: Mounting plugin PluginBrowser
LogPluginManager: Mounting plugin SpeedTreeImporter
LogPluginManager: Mounting plugin StylusInput
LogPluginManager: Mounting plugin AxFImporter
LogPluginManager: Mounting plugin DataprepEditor
LogPluginManager: Mounting plugin DatasmithCADImporter
LogPluginManager: Mounting plugin DatasmithContent
LogPluginManager: Mounting plugin DatasmithGLTFImporter
LogPluginManager: Mounting plugin DatasmithIFCImporter
LogPluginManager: Mounting plugin DatasmithImporter
LogPluginManager: Mounting plugin StaticMeshEditorExtension
LogPluginManager: Mounting plugin VariantManager
LogPluginManager: Mounting plugin VariantManagerContent
LogPluginManager: Mounting plugin AlembicImporter
LogPluginManager: Mounting plugin AutomationUtils
LogPluginManager: Mounting plugin BackChannel
LogPluginManager: Mounting plugin BlastPlugin
LogPluginManager: Mounting plugin ChaosCloth
LogPluginManager: Mounting plugin ChaosClothEditor
LogPluginManager: Mounting plugin ChaosEditor
LogPluginManager: Mounting plugin ChaosNiagara
LogPluginManager: Mounting plugin ChaosSolverPlugin
LogPluginManager: Mounting plugin CharacterAI
LogPluginManager: Mounting plugin GeometryCache
LogPluginManager: Mounting plugin GeometryCollectionPlugin
LogPluginManager: Mounting plugin GeometryProcessing
LogPluginManager: Mounting plugin MeshModelingToolset
LogPluginManager: Mounting plugin ModelingToolsEditorMode
LogPluginManager: Mounting plugin PlanarCut
LogPluginManager: Mounting plugin PlatformCrypto
LogPluginManager: Mounting plugin ProxyLODPlugin
LogPluginManager: Mounting plugin PythonScriptPlugin
LogPluginManager: Mounting plugin SkeletalReduction
LogPluginManager: Mounting plugin Niagara
LogPluginManager: Mounting plugin MagicLeap
LogPluginManager: Mounting plugin MagicLeapLightEstimation
LogPluginManager: Mounting plugin MagicLeapMedia
LogPluginManager: Mounting plugin MagicLeapPassableWorld
LogPluginManager: Mounting plugin MLSDK
LogPluginManager: Mounting plugin AndroidMedia
LogPluginManager: Mounting plugin AvfMedia
LogPluginManager: Mounting plugin ImgMedia
LogPluginManager: Mounting plugin MediaCompositing
LogPluginManager: Mounting plugin MediaPlayerEditor
LogPluginManager: Mounting plugin WebMMedia
LogPluginManager: Mounting plugin WmfMedia
LogPluginManager: Mounting plugin MeshPainting
LogPluginManager: Mounting plugin TcpMessaging
LogPluginManager: Mounting plugin UdpMessaging
LogPluginManager: Mounting plugin ActorSequence
LogPluginManager: Mounting plugin LevelSequenceEditor
LogPluginManager: Mounting plugin MatineeToLevelSequence
LogPluginManager: Mounting plugin MovieRenderPipeline
LogPluginManager: Mounting plugin TemplateSequence
LogPluginManager: Mounting plugin NetcodeUnitTest
LogPluginManager: Mounting plugin NUTUnrealEngine4
LogPluginManager: Mounting plugin OnlineSubsystemGooglePlay
LogPluginManager: Mounting plugin OnlineSubsystemIOS
LogPluginManager: Mounting plugin OnlineSubsystem
LogPluginManager: Mounting plugin OnlineSubsystemNull
LogPluginManager: Mounting plugin OnlineSubsystemUtils
LogPluginManager: Mounting plugin LauncherChunkInstaller
LogPluginManager: Mounting plugin AndroidDeviceProfileSelector
LogPluginManager: Mounting plugin AndroidMoviePlayer
LogPluginManager: Mounting plugin AndroidPermission
LogPluginManager: Mounting plugin AppleImageUtils
LogPluginManager: Mounting plugin AppleMoviePlayer
LogPluginManager: Mounting plugin ArchVisCharacter
LogPluginManager: Mounting plugin AssetTags
LogPluginManager: Mounting plugin AudioCapture
LogPluginManager: Mounting plugin CableComponent
LogPluginManager: Mounting plugin CustomMeshComponent
LogPluginManager: Mounting plugin EditableMesh
LogPluginManager: Mounting plugin ExampleDeviceProfileSelector
LogPluginManager: Mounting plugin GoogleCloudMessaging
LogPluginManager: Mounting plugin GooglePAD
LogPluginManager: Mounting plugin HDRIBackdrop
LogPluginManager: Mounting plugin IOSDeviceProfileSelector
LogPluginManager: Mounting plugin LinuxDeviceProfileSelector
LogPluginManager: Mounting plugin LocationServicesBPLibrary
LogPluginManager: Mounting plugin MobilePatchingUtils
LogPluginManager: Mounting plugin OculusVR
LogPluginManager: Mounting plugin PhysXVehicles
LogPluginManager: Mounting plugin PostSplashScreen
LogPluginManager: Mounting plugin ProceduralMeshComponent
LogPluginManager: Mounting plugin RuntimePhysXCooking
LogPluginManager: Mounting plugin SignificanceManager
LogPluginManager: Mounting plugin SoundFields
LogPluginManager: Mounting plugin SteamVR
LogPluginManager: Mounting plugin SunPosition
LogPluginManager: Mounting plugin Synthesis
LogPluginManager: Mounting plugin WebMMoviePlayer
LogPluginManager: Mounting plugin WindowsMoviePlayer
LogPluginManager: Mounting plugin ScreenshotTools
LogInit: Using libcurl 7.55.1-DEV
LogInit:  - built for x86_64-pc-win32
LogInit:  - supports SSL with OpenSSL/1.1.1
LogInit:  - supports HTTP deflate (compression) using libz 1.2.8
LogInit:  - other features:
LogInit:      CURL_VERSION_SSL
LogInit:      CURL_VERSION_LIBZ
LogInit:      CURL_VERSION_IPV6
LogInit:      CURL_VERSION_ASYNCHDNS
LogInit:      CURL_VERSION_LARGEFILE
LogInit:      CURL_VERSION_IDN
LogInit:  CurlRequestOptions (configurable via config and command line):
LogInit:  - bVerifyPeer = true  - Libcurl will verify peer certificate
LogInit:  - bUseHttpProxy = false  - Libcurl will NOT use HTTP proxy
LogInit:  - bDontReuseConnections = false  - Libcurl will reuse connections
LogInit:  - MaxHostConnections = 16  - Libcurl will limit the number of connections to a host
LogInit:  - LocalHostAddr = Default
LogInit:  - BufferSize = 65536
LogOnline: OSS: Creating online subsystem instance for: NULL
LogInit: WinSock: version 1.1 (2.2), MaxSocks=32767, MaxUdp=65467
LogOnline: OSS: TryLoadSubsystemAndSetDefault: Loaded subsystem for module [NULL]
LogInit: Build: ++UE4+Release-4.25-CL-13942748
LogInit: Engine Version: 4.25.3-13942748+++UE4+Release-4.25
LogInit: Compatible Engine Version: 4.25.0-13144385+++UE4+Release-4.25
LogInit: Net CL: 13144385
LogInit: OS: Windows 10 (Release 2009) (), CPU: Intel(R) Core(TM) i7-7700HQ CPU @ 2.80GHz, GPU: Intel(R) HD Graphics 630
LogInit: Compiled (64-bit): Jul 25 2020 02:07:48
LogInit: Compiled with Visual C++: 19.24.28315.00
LogInit: Build Configuration: Development
LogInit: Branch Name: ++UE4+Release-4.25
LogInit: Command Line: 
LogInit: Base Directory: D:/Epic Games/UE_4.25/Engine/Binaries/Win64/
LogInit: Allocator: TBB
LogInit: Installed Engine Build: 1
LogDevObjectVersion: Number of dev versions registered: 26
LogDevObjectVersion:   Dev-Blueprints (B0D832E4-1F89-4F0D-ACCF-7EB736FD4AA2): 10
LogDevObjectVersion:   Dev-Build (E1C64328-A22C-4D53-A36C-8E866417BD8C): 0
LogDevObjectVersion:   Dev-Core (375EC13C-06E4-48FB-B500-84F0262A717E): 4
LogDevObjectVersion:   Dev-Editor (E4B068ED-F494-42E9-A231-DA0B2E46BB41): 38
LogDevObjectVersion:   Dev-Framework (CFFC743F-43B0-4480-9391-14DF171D2073): 37
LogDevObjectVersion:   Dev-Mobile (B02B49B5-BB20-44E9-A304-32B752E40360): 2
LogDevObjectVersion:   Dev-Networking (A4E4105C-59A1-49B5-A7C5-40C4547EDFEE): 0
LogDevObjectVersion:   Dev-Online (39C831C9-5AE6-47DC-9A44-9C173E1C8E7C): 0
LogDevObjectVersion:   Dev-Physics (78F01B33-EBEA-4F98-B9B4-84EACCB95AA2): 4
LogDevObjectVersion:   Dev-Platform (6631380F-2D4D-43E0-8009-CF276956A95A): 0
LogDevObjectVersion:   Dev-Rendering (12F88B9F-8875-4AFC-A67C-D90C383ABD29): 43
LogDevObjectVersion:   Dev-Sequencer (7B5AE74C-D270-4C10-A958-57980B212A5A): 12
LogDevObjectVersion:   Dev-VR (D7296918-1DD6-4BDD-9DE2-64A83CC13884): 3
LogDevObjectVersion:   Dev-LoadTimes (C2A15278-BFE7-4AFE-6C17-90FF531DF755): 1
LogDevObjectVersion:   Private-Geometry (6EACA3D4-40EC-4CC1-B786-8BED09428FC5): 3
LogDevObjectVersion:   Dev-AnimPhys (29E575DD-E0A3-4627-9D10-D276232CDCEA): 17
LogDevObjectVersion:   Dev-Anim (AF43A65D-7FD3-4947-9873-3E8ED9C1BB05): 7
LogDevObjectVersion:   Dev-ReflectionCapture (6B266CEC-1EC7-4B8F-A30B-E4D90942FC07): 1
LogDevObjectVersion:   Dev-Automation (0DF73D61-A23F-47EA-B727-89E90C41499A): 1
LogDevObjectVersion:   FortniteMain (601D1886-AC64-4F84-AA16-D3DE0DEAC7D6): 31
LogDevObjectVersion:   Dev-Enterprise (9DFFBCD6-494F-0158-E221-12823C92A888): 10
LogDevObjectVersion:   Dev-Niagara (F2AED0AC-9AFE-416F-8664-AA7FFA26D6FC): 1
LogDevObjectVersion:   Dev-Destruction (174F1F0B-B4C6-45A5-B13F-2EE8D0FB917D): 10
LogDevObjectVersion:   Dev-Physics-Ext (35F94A83-E258-406C-A318-09F59610247C): 37
LogDevObjectVersion:   Dev-PhysicsMaterial-Chaos (B68FC16E-8B1B-42E2-B453-215C058844FE): 1
LogDevObjectVersion:   Dev-CineCamera (B2E18506-4273-CFC2-A54E-F4BB758BBA07): 1
LogInit: Presizing for max 25165824 objects, including 0 objects not considered by GC, pre-allocating 0 bytes for permanent pool.
LogConfig: Applying CVar settings from Section [/Script/Engine.StreamingSettings] File [D:/Github/ReXRR/ReXRR/Saved/Config/Windows/Engine.ini]
LogConfig: Setting CVar [[s.MinBulkDataSizeForAsyncLoading:131072]]
LogConfig: Setting CVar [[s.AsyncLoadingThreadEnabled:0]]
LogConfig: Setting CVar [[s.EventDrivenLoaderEnabled:1]]
LogConfig: Setting CVar [[s.WarnIfTimeLimitExceeded:0]]
LogConfig: Setting CVar [[s.TimeLimitExceededMultiplier:1.5]]
LogConfig: Setting CVar [[s.TimeLimitExceededMinTime:0.005]]
LogConfig: Setting CVar [[s.UseBackgroundLevelStreaming:1]]
LogConfig: Setting CVar [[s.PriorityAsyncLoadingExtraTime:15.0]]
LogConfig: Setting CVar [[s.LevelStreamingActorsUpdateTimeLimit:5.0]]
LogConfig: Setting CVar [[s.PriorityLevelStreamingActorsUpdateExtraTime:5.0]]
LogConfig: Setting CVar [[s.LevelStreamingComponentsRegistrationGranularity:10]]
LogConfig: Setting CVar [[s.UnregisterComponentsTimeLimit:1.0]]
LogConfig: Setting CVar [[s.LevelStreamingComponentsUnregistrationGranularity:5]]
LogConfig: Setting CVar [[s.FlushStreamingOnExit:1]]
LogInit: Object subsystem initialized
LogConfig: Setting CVar [[con.DebugEarlyDefault:1]]
LogConfig: Setting CVar [[r.setres:1280x720]]
[2020.09.24-22.20.48:035][  0]LogConfig: Setting CVar [[r.VSync:0]]
[2020.09.24-22.20.48:035][  0]LogConfig: Setting CVar [[r.RHICmdBypass:0]]
[2020.09.24-22.20.48:036][  0]LogConfig: Applying CVar settings from Section [/Script/Engine.RendererSettings] File [D:/Github/ReXRR/ReXRR/Saved/Config/Windows/Engine.ini]
[2020.09.24-22.20.48:036][  0]LogConfig: Setting CVar [[r.GPUCrashDebugging:0]]
[2020.09.24-22.20.48:036][  0]LogConfig: Setting CVar [[r.Tonemapper.Sharpen:2]]
[2020.09.24-22.20.48:036][  0]LogConfig: Setting CVar [[r.TemporalAA.Upsampling:1]]
[2020.09.24-22.20.48:036][  0]LogConfig: Setting CVar [[r.DefaultFeature.AutoExposure.ExtendDefaultLuminanceRange:1]]
[2020.09.24-22.20.48:036][  0]LogConfig: Setting CVar [[r.LightPropagationVolume:0]]
[2020.09.24-22.20.48:036][  0]LogConfig: Setting CVar [[r.ReflectionCaptureResolution:2048]]
[2020.09.24-22.20.48:036][  0]LogConfig: Setting CVar [[r.AllowStaticLighting:1]]
[2020.09.24-22.20.48:036][  0]LogConfig: Setting CVar [[r.HighResScreenshotDelay:8]]
[2020.09.24-22.20.48:036][  0]LogConfig: Setting CVar [[r.DefaultBackBufferPixelFormat:4]]
[2020.09.24-22.20.48:036][  0]LogConfig: Setting CVar [[r.AllowGlobalClipPlane:0]]
[2020.09.24-22.20.48:036][  0]LogConfig: Setting CVar [[r.SupportSkyAtmosphereAffectsHeightFog:1]]
[2020.09.24-22.20.48:036][  0]LogConfig: Setting CVar [[r.DefaultFeature.LensFlare:1]]
[2020.09.24-22.20.48:036][  0]LogConfig: Setting CVar [[r.ClearCoatNormal:1]]
[2020.09.24-22.20.48:036][  0]LogConfig: Setting CVar [[r.NormalMapsForStaticLighting:0]]
[2020.09.24-22.20.48:036][  0]LogConfig: Setting CVar [[r.GenerateMeshDistanceFields:1]]
[2020.09.24-22.20.48:036][  0]LogConfig: Applying CVar settings from Section [/Script/Engine.RendererOverrideSettings] File [D:/Github/ReXRR/ReXRR/Saved/Config/Windows/Engine.ini]
[2020.09.24-22.20.48:036][  0]LogConfig: Applying CVar settings from Section [/Script/Engine.StreamingSettings] File [D:/Github/ReXRR/ReXRR/Saved/Config/Windows/Engine.ini]
[2020.09.24-22.20.48:036][  0]LogConfig: Setting CVar [[s.MinBulkDataSizeForAsyncLoading:131072]]
[2020.09.24-22.20.48:036][  0]LogConfig: Setting CVar [[s.AsyncLoadingThreadEnabled:0]]
[2020.09.24-22.20.48:036][  0]LogConfig: Setting CVar [[s.EventDrivenLoaderEnabled:1]]
[2020.09.24-22.20.48:036][  0]LogConfig: Setting CVar [[s.WarnIfTimeLimitExceeded:0]]
[2020.09.24-22.20.48:036][  0]LogConfig: Setting CVar [[s.TimeLimitExceededMultiplier:1.5]]
[2020.09.24-22.20.48:036][  0]LogConfig: Setting CVar [[s.TimeLimitExceededMinTime:0.005]]
[2020.09.24-22.20.48:036][  0]LogConfig: Setting CVar [[s.UseBackgroundLevelStreaming:1]]
[2020.09.24-22.20.48:036][  0]LogConfig: Setting CVar [[s.PriorityAsyncLoadingExtraTime:15.0]]
[2020.09.24-22.20.48:036][  0]LogConfig: Setting CVar [[s.LevelStreamingActorsUpdateTimeLimit:5.0]]
[2020.09.24-22.20.48:036][  0]LogConfig: Setting CVar [[s.PriorityLevelStreamingActorsUpdateExtraTime:5.0]]
[2020.09.24-22.20.48:036][  0]LogConfig: Setting CVar [[s.LevelStreamingComponentsRegistrationGranularity:10]]
[2020.09.24-22.20.48:036][  0]LogConfig: Setting CVar [[s.UnregisterComponentsTimeLimit:1.0]]
[2020.09.24-22.20.48:036][  0]LogConfig: Setting CVar [[s.LevelStreamingComponentsUnregistrationGranularity:5]]
[2020.09.24-22.20.48:036][  0]LogConfig: Setting CVar [[s.FlushStreamingOnExit:1]]
[2020.09.24-22.20.48:036][  0]LogConfig: Applying CVar settings from Section [/Script/Engine.GarbageCollectionSettings] File [D:/Github/ReXRR/ReXRR/Saved/Config/Windows/Engine.ini]
[2020.09.24-22.20.48:036][  0]LogConfig: Setting CVar [[gc.MaxObjectsNotConsideredByGC:1]]
[2020.09.24-22.20.48:036][  0]LogConfig: Setting CVar [[gc.SizeOfPermanentObjectPool:0]]
[2020.09.24-22.20.48:036][  0]LogConfig: Setting CVar [[gc.FlushStreamingOnGC:0]]
[2020.09.24-22.20.48:036][  0]LogConfig: Setting CVar [[gc.NumRetriesBeforeForcingGC:10]]
[2020.09.24-22.20.48:036][  0]LogConfig: Setting CVar [[gc.AllowParallelGC:1]]
[2020.09.24-22.20.48:036][  0]LogConfig: Setting CVar [[gc.TimeBetweenPurgingPendingKillObjects:61.1]]
[2020.09.24-22.20.48:036][  0]LogConfig: Setting CVar [[gc.MaxObjectsInEditor:25165824]]
[2020.09.24-22.20.48:036][  0]LogConfig: Setting CVar [[gc.IncrementalBeginDestroyEnabled:1]]
[2020.09.24-22.20.48:036][  0]LogConfig: Setting CVar [[gc.CreateGCClusters:1]]
[2020.09.24-22.20.48:036][  0]LogConfig: Setting CVar [[gc.MinGCClusterSize:5]]
[2020.09.24-22.20.48:036][  0]LogConfig: Setting CVar [[gc.ActorClusteringEnabled:0]]
[2020.09.24-22.20.48:036][  0]LogConfig: Setting CVar [[gc.BlueprintClusteringEnabled:0]]
[2020.09.24-22.20.48:036][  0]LogConfig: Setting CVar [[gc.UseDisregardForGCOnDedicatedServers:0]]
[2020.09.24-22.20.48:036][  0]LogConfig: Applying CVar settings from Section [/Script/Engine.NetworkSettings] File [D:/Github/ReXRR/ReXRR/Saved/Config/Windows/Engine.ini]
[2020.09.24-22.20.48:036][  0]LogConfig: Applying CVar settings from Section [/Script/UnrealEd.CookerSettings] File [D:/Github/ReXRR/ReXRR/Saved/Config/Windows/Engine.ini]
[2020.09.24-22.20.48:135][  0]LogConfig: Applying CVar settings from Section [ViewDistanceQuality@3] File [D:/Github/ReXRR/ReXRR/Saved/Config/Windows/Scalability.ini]
[2020.09.24-22.20.48:135][  0]LogConfig: Setting CVar [[r.SkeletalMeshLODBias:0]]
[2020.09.24-22.20.48:136][  0]LogConfig: Setting CVar [[r.ViewDistanceScale:1.0]]
[2020.09.24-22.20.48:136][  0]LogConfig: Applying CVar settings from Section [AntiAliasingQuality@3] File [D:/Github/ReXRR/ReXRR/Saved/Config/Windows/Scalability.ini]
[2020.09.24-22.20.48:136][  0]LogConfig: Setting CVar [[r.PostProcessAAQuality:4]]
[2020.09.24-22.20.48:136][  0]LogConfig: Applying CVar settings from Section [ShadowQuality@3] File [D:/Github/ReXRR/ReXRR/Saved/Config/Windows/Scalability.ini]
[2020.09.24-22.20.48:136][  0]LogConfig: Setting CVar [[r.LightFunctionQuality:1]]
[2020.09.24-22.20.48:136][  0]LogConfig: Setting CVar [[r.ShadowQuality:5]]
[2020.09.24-22.20.48:136][  0]LogConfig: Setting CVar [[r.Shadow.CSM.MaxCascades:10]]
[2020.09.24-22.20.48:136][  0]LogConfig: Setting CVar [[r.Shadow.MaxResolution:2048]]
[2020.09.24-22.20.48:136][  0]LogConfig: Setting CVar [[r.Shadow.MaxCSMResolution:2048]]
[2020.09.24-22.20.48:136][  0]LogConfig: Setting CVar [[r.Shadow.RadiusThreshold:0.01]]
[2020.09.24-22.20.48:136][  0]LogConfig: Setting CVar [[r.Shadow.DistanceScale:1.0]]
[2020.09.24-22.20.48:136][  0]LogConfig: Setting CVar [[r.Shadow.CSM.TransitionScale:1.0]]
[2020.09.24-22.20.48:136][  0]LogConfig: Setting CVar [[r.Shadow.PreShadowResolutionFactor:1.0]]
[2020.09.24-22.20.48:136][  0]LogConfig: Setting CVar [[r.DistanceFieldShadowing:1]]
[2020.09.24-22.20.48:136][  0]LogConfig: Setting CVar [[r.DistanceFieldAO:1]]
[2020.09.24-22.20.48:136][  0]LogConfig: Setting CVar [[r.AOQuality:2]]
[2020.09.24-22.20.48:136][  0]LogConfig: Setting CVar [[r.VolumetricFog:1]]
[2020.09.24-22.20.48:136][  0]LogConfig: Setting CVar [[r.VolumetricFog.GridPixelSize:8]]
[2020.09.24-22.20.48:136][  0]LogConfig: Setting CVar [[r.VolumetricFog.GridSizeZ:128]]
[2020.09.24-22.20.48:136][  0]LogConfig: Setting CVar [[r.VolumetricFog.HistoryMissSupersampleCount:4]]
[2020.09.24-22.20.48:136][  0]LogConfig: Setting CVar [[r.LightMaxDrawDistanceScale:1]]
[2020.09.24-22.20.48:136][  0]LogConfig: Setting CVar [[r.CapsuleShadows:1]]
[2020.09.24-22.20.48:136][  0]LogConfig: Applying CVar settings from Section [PostProcessQuality@3] File [D:/Github/ReXRR/ReXRR/Saved/Config/Windows/Scalability.ini]
[2020.09.24-22.20.48:136][  0]LogConfig: Setting CVar [[r.MotionBlurQuality:4]]
[2020.09.24-22.20.48:136][  0]LogConfig: Setting CVar [[r.AmbientOcclusionMipLevelFactor:0.4]]
[2020.09.24-22.20.48:136][  0]LogConfig: Setting CVar [[r.AmbientOcclusionMaxQuality:100]]
[2020.09.24-22.20.48:136][  0]LogConfig: Setting CVar [[r.AmbientOcclusionLevels:-1]]
[2020.09.24-22.20.48:136][  0]LogConfig: Setting CVar [[r.AmbientOcclusionRadiusScale:1.0]]
[2020.09.24-22.20.48:136][  0]LogConfig: Setting CVar [[r.DepthOfFieldQuality:2]]
[2020.09.24-22.20.48:136][  0]LogConfig: Setting CVar [[r.RenderTargetPoolMin:400]]
[2020.09.24-22.20.48:136][  0]LogConfig: Setting CVar [[r.LensFlareQuality:2]]
[2020.09.24-22.20.48:136][  0]LogConfig: Setting CVar [[r.SceneColorFringeQuality:1]]
[2020.09.24-22.20.48:136][  0]LogConfig: Setting CVar [[r.EyeAdaptationQuality:2]]
[2020.09.24-22.20.48:136][  0]LogConfig: Setting CVar [[r.BloomQuality:5]]
[2020.09.24-22.20.48:136][  0]LogConfig: Setting CVar [[r.FastBlurThreshold:100]]
[2020.09.24-22.20.48:136][  0]LogConfig: Setting CVar [[r.Upscale.Quality:3]]
[2020.09.24-22.20.48:136][  0]LogConfig: Setting CVar [[r.Tonemapper.GrainQuantization:1]]
[2020.09.24-22.20.48:136][  0]LogConfig: Setting CVar [[r.LightShaftQuality:1]]
[2020.09.24-22.20.48:136][  0]LogConfig: Setting CVar [[r.Filter.SizeScale:1]]
[2020.09.24-22.20.48:136][  0]LogConfig: Setting CVar [[r.Tonemapper.Quality:5]]
[2020.09.24-22.20.48:136][  0]LogConfig: Setting CVar [[r.DOF.Gather.AccumulatorQuality:1        ; higher gathering accumulator quality]]
[2020.09.24-22.20.48:136][  0]LogConfig: Setting CVar [[r.DOF.Gather.PostfilterMethod:1          ; Median3x3 postfilering method]]
[2020.09.24-22.20.48:136][  0]LogConfig: Setting CVar [[r.DOF.Gather.EnableBokehSettings:0       ; no bokeh simulation when gathering]]
[2020.09.24-22.20.48:136][  0]LogConfig: Setting CVar [[r.DOF.Gather.RingCount:4                 ; medium number of samples when gathering]]
[2020.09.24-22.20.48:136][  0]LogConfig: Setting CVar [[r.DOF.Scatter.ForegroundCompositing:1    ; additive foreground scattering]]
[2020.09.24-22.20.48:136][  0]LogConfig: Setting CVar [[r.DOF.Scatter.BackgroundCompositing:2    ; additive background scattering]]
[2020.09.24-22.20.48:136][  0]LogConfig: Setting CVar [[r.DOF.Scatter.EnableBokehSettings:1      ; bokeh simulation when scattering]]
[2020.09.24-22.20.48:136][  0]LogConfig: Setting CVar [[r.DOF.Scatter.MaxSpriteRatio:0.1         ; only a maximum of 10% of scattered bokeh]]
[2020.09.24-22.20.48:136][  0]LogConfig: Setting CVar [[r.DOF.Recombine.Quality:1                ; cheap slight out of focus]]
[2020.09.24-22.20.48:136][  0]LogConfig: Setting CVar [[r.DOF.Recombine.EnableBokehSettings:0    ; no bokeh simulation on slight out of focus]]
[2020.09.24-22.20.48:136][  0]LogConfig: Setting CVar [[r.DOF.TemporalAAQuality:1                ; more stable temporal accumulation]]
[2020.09.24-22.20.48:136][  0]LogConfig: Setting CVar [[r.DOF.Kernel.MaxForegroundRadius:0.025]]
[2020.09.24-22.20.48:136][  0]LogConfig: Setting CVar [[r.DOF.Kernel.MaxBackgroundRadius:0.025]]
[2020.09.24-22.20.48:136][  0]LogConfig: Applying CVar settings from Section [TextureQuality@3] File [D:/Github/ReXRR/ReXRR/Saved/Config/Windows/Scalability.ini]
[2020.09.24-22.20.48:136][  0]LogConfig: Setting CVar [[r.Streaming.MipBias:0]]
[2020.09.24-22.20.48:136][  0]LogConfig: Setting CVar [[r.Streaming.AmortizeCPUToGPUCopy:0]]
[2020.09.24-22.20.48:136][  0]LogConfig: Setting CVar [[r.Streaming.MaxNumTexturesToStreamPerFrame:0]]
[2020.09.24-22.20.48:136][  0]LogConfig: Setting CVar [[r.Streaming.Boost:1]]
[2020.09.24-22.20.48:136][  0]LogConfig: Setting CVar [[r.MaxAnisotropy:8]]
[2020.09.24-22.20.48:136][  0]LogConfig: Setting CVar [[r.VT.MaxAnisotropy:8]]
[2020.09.24-22.20.48:136][  0]LogConfig: Setting CVar [[r.Streaming.LimitPoolSizeToVRAM:0]]
[2020.09.24-22.20.48:136][  0]LogConfig: Setting CVar [[r.Streaming.PoolSize:1000]]
[2020.09.24-22.20.48:136][  0]LogConfig: Setting CVar [[r.Streaming.MaxEffectiveScreenSize:0]]
[2020.09.24-22.20.48:136][  0]LogConfig: Applying CVar settings from Section [EffectsQuality@3] File [D:/Github/ReXRR/ReXRR/Saved/Config/Windows/Scalability.ini]
[2020.09.24-22.20.48:136][  0]LogConfig: Setting CVar [[r.TranslucencyLightingVolumeDim:64]]
[2020.09.24-22.20.48:136][  0]LogConfig: Setting CVar [[r.RefractionQuality:2]]
[2020.09.24-22.20.48:136][  0]LogConfig: Setting CVar [[r.SSR.Quality:3]]
[2020.09.24-22.20.48:136][  0]LogConfig: Setting CVar [[r.SSR.HalfResSceneColor:0]]
[2020.09.24-22.20.48:136][  0]LogConfig: Setting CVar [[r.SceneColorFormat:4]]
[2020.09.24-22.20.48:136][  0]LogConfig: Setting CVar [[r.DetailMode:2]]
[2020.09.24-22.20.48:136][  0]LogConfig: Setting CVar [[r.TranslucencyVolumeBlur:1]]
[2020.09.24-22.20.48:136][  0]LogConfig: Setting CVar [[r.MaterialQualityLevel:1 ; High quality]]
[2020.09.24-22.20.48:136][  0]LogConfig: Setting CVar [[r.SSS.Scale:1]]
[2020.09.24-22.20.48:136][  0]LogConfig: Setting CVar [[r.SSS.SampleSet:2]]
[2020.09.24-22.20.48:137][  0]LogConfig: Setting CVar [[r.SSS.Quality:1]]
[2020.09.24-22.20.48:137][  0]LogConfig: Setting CVar [[r.SSS.HalfRes:0]]
[2020.09.24-22.20.48:137][  0]LogConfig: Setting CVar [[r.SSGI.Quality:3]]
[2020.09.24-22.20.48:137][  0]LogConfig: Setting CVar [[r.EmitterSpawnRateScale:1.0]]
[2020.09.24-22.20.48:137][  0]LogConfig: Setting CVar [[r.ParticleLightQuality:2]]
[2020.09.24-22.20.48:137][  0]LogConfig: Setting CVar [[r.SkyAtmosphere.AerialPerspectiveLUT.FastApplyOnOpaque:1 ; Always have FastSkyLUT 1 in this case to avoid wrong sky]]
[2020.09.24-22.20.48:137][  0]LogConfig: Setting CVar [[r.SkyAtmosphere.AerialPerspectiveLUT.SampleCountPerSlice:1]]
[2020.09.24-22.20.48:137][  0]LogConfig: Setting CVar [[r.SkyAtmosphere.AerialPerspectiveLUT.DepthResolution:16.0]]
[2020.09.24-22.20.48:137][  0]LogConfig: Setting CVar [[r.SkyAtmosphere.FastSkyLUT:1]]
[2020.09.24-22.20.48:137][  0]LogConfig: Setting CVar [[r.SkyAtmosphere.FastSkyLUT.SampleCountMin:4.0]]
[2020.09.24-22.20.48:137][  0]LogConfig: Setting CVar [[r.SkyAtmosphere.FastSkyLUT.SampleCountMax:32.0]]
[2020.09.24-22.20.48:137][  0]LogConfig: Setting CVar [[r.SkyAtmosphere.SampleCountMin:4.0]]
[2020.09.24-22.20.48:137][  0]LogConfig: Setting CVar [[r.SkyAtmosphere.SampleCountMax:32.0]]
[2020.09.24-22.20.48:137][  0]LogConfig: Setting CVar [[r.SkyAtmosphere.TransmittanceLUT.UseSmallFormat:0]]
[2020.09.24-22.20.48:137][  0]LogConfig: Setting CVar [[r.SkyAtmosphere.TransmittanceLUT.SampleCount:10.0]]
[2020.09.24-22.20.48:137][  0]LogConfig: Setting CVar [[r.SkyAtmosphere.MultiScatteringLUT.SampleCount:15.0]]
[2020.09.24-22.20.48:137][  0]LogConfig: Applying CVar settings from Section [FoliageQuality@3] File [D:/Github/ReXRR/ReXRR/Saved/Config/Windows/Scalability.ini]
[2020.09.24-22.20.48:137][  0]LogConfig: Setting CVar [[foliage.DensityScale:1.0]]
[2020.09.24-22.20.48:137][  0]LogConfig: Setting CVar [[grass.DensityScale:1.0]]
[2020.09.24-22.20.48:137][  0]LogConfig: Applying CVar settings from Section [ShadingQuality@3] File [D:/Github/ReXRR/ReXRR/Saved/Config/Windows/Scalability.ini]
[2020.09.24-22.20.48:137][  0]LogConfig: Setting CVar [[r.HairStrands.SkyLighting.SampleCount:16]]
[2020.09.24-22.20.48:137][  0]LogConfig: Setting CVar [[r.HairStrands.SkyLighting.JitterIntegration:0]]
[2020.09.24-22.20.48:137][  0]LogConfig: Setting CVar [[r.HairStrands.SkyAO.SampleCount:16]]
[2020.09.24-22.20.48:137][  0]LogConfig: Setting CVar [[r.HairStrands.DeepShadow.SuperSampling:0]]
[2020.09.24-22.20.48:137][  0]LogConfig: Setting CVar [[r.HairStrands.VisibilityPPLL:0]]
[2020.09.24-22.20.48:137][  0]LogConfig: Setting CVar [[r.HairStrands.RasterizationScale:0.5]]
[2020.09.24-22.20.48:137][  0]LogConfig: Setting CVar [[r.HairStrands.VelocityRasterizationScale:1]]
[2020.09.24-22.20.48:155][  0]LogInit: Selected Device Profile: [Windows]
[2020.09.24-22.20.48:161][  0]LogInit: Applying CVar settings loaded from the selected device profile: [Windows]
[2020.09.24-22.20.48:174][  0]LogHAL: Display: Platform has ~ 16 GB [17061810176 / 17179869184 / 16], which maps to Larger [LargestMinGB=32, LargerMinGB=12, DefaultMinGB=8, SmallerMinGB=6, SmallestMinGB=0)
[2020.09.24-22.20.48:174][  0]LogInit: Going up to parent DeviceProfile []
[2020.09.24-22.20.48:175][  0]LogConfig: Applying CVar settings from Section [ViewDistanceQuality@3] File [D:/Github/ReXRR/ReXRR/Saved/Config/Windows/Scalability.ini]
[2020.09.24-22.20.48:175][  0]LogConfig: Setting CVar [[r.SkeletalMeshLODBias:0]]
[2020.09.24-22.20.48:175][  0]LogConfig: Setting CVar [[r.ViewDistanceScale:1.0]]
[2020.09.24-22.20.48:175][  0]LogConfig: Applying CVar settings from Section [AntiAliasingQuality@3] File [D:/Github/ReXRR/ReXRR/Saved/Config/Windows/Scalability.ini]
[2020.09.24-22.20.48:175][  0]LogConfig: Setting CVar [[r.PostProcessAAQuality:4]]
[2020.09.24-22.20.48:175][  0]LogConfig: Applying CVar settings from Section [ShadowQuality@3] File [D:/Github/ReXRR/ReXRR/Saved/Config/Windows/Scalability.ini]
[2020.09.24-22.20.48:175][  0]LogConfig: Setting CVar [[r.LightFunctionQuality:1]]
[2020.09.24-22.20.48:175][  0]LogConfig: Setting CVar [[r.ShadowQuality:5]]
[2020.09.24-22.20.48:176][  0]LogConfig: Setting CVar [[r.Shadow.CSM.MaxCascades:10]]
[2020.09.24-22.20.48:176][  0]LogConfig: Setting CVar [[r.Shadow.MaxResolution:2048]]
[2020.09.24-22.20.48:176][  0]LogConfig: Setting CVar [[r.Shadow.MaxCSMResolution:2048]]
[2020.09.24-22.20.48:176][  0]LogConfig: Setting CVar [[r.Shadow.RadiusThreshold:0.01]]
[2020.09.24-22.20.48:176][  0]LogConfig: Setting CVar [[r.Shadow.DistanceScale:1.0]]
[2020.09.24-22.20.48:176][  0]LogConfig: Setting CVar [[r.Shadow.CSM.TransitionScale:1.0]]
[2020.09.24-22.20.48:176][  0]LogConfig: Setting CVar [[r.Shadow.PreShadowResolutionFactor:1.0]]
[2020.09.24-22.20.48:176][  0]LogConfig: Setting CVar [[r.DistanceFieldShadowing:1]]
[2020.09.24-22.20.48:176][  0]LogConfig: Setting CVar [[r.DistanceFieldAO:1]]
[2020.09.24-22.20.48:176][  0]LogConfig: Setting CVar [[r.AOQuality:2]]
[2020.09.24-22.20.48:176][  0]LogConfig: Setting CVar [[r.VolumetricFog:1]]
[2020.09.24-22.20.48:176][  0]LogConfig: Setting CVar [[r.VolumetricFog.GridPixelSize:8]]
[2020.09.24-22.20.48:176][  0]LogConfig: Setting CVar [[r.VolumetricFog.GridSizeZ:128]]
[2020.09.24-22.20.48:176][  0]LogConfig: Setting CVar [[r.VolumetricFog.HistoryMissSupersampleCount:4]]
[2020.09.24-22.20.48:176][  0]LogConfig: Setting CVar [[r.LightMaxDrawDistanceScale:1]]
[2020.09.24-22.20.48:176][  0]LogConfig: Setting CVar [[r.CapsuleShadows:1]]
[2020.09.24-22.20.48:176][  0]LogConfig: Applying CVar settings from Section [PostProcessQuality@3] File [D:/Github/ReXRR/ReXRR/Saved/Config/Windows/Scalability.ini]
[2020.09.24-22.20.48:176][  0]LogConfig: Setting CVar [[r.MotionBlurQuality:4]]
[2020.09.24-22.20.48:176][  0]LogConfig: Setting CVar [[r.AmbientOcclusionMipLevelFactor:0.4]]
[2020.09.24-22.20.48:176][  0]LogConfig: Setting CVar [[r.AmbientOcclusionMaxQuality:100]]
[2020.09.24-22.20.48:176][  0]LogConfig: Setting CVar [[r.AmbientOcclusionLevels:-1]]
[2020.09.24-22.20.48:176][  0]LogConfig: Setting CVar [[r.AmbientOcclusionRadiusScale:1.0]]
[2020.09.24-22.20.48:176][  0]LogConfig: Setting CVar [[r.DepthOfFieldQuality:2]]
[2020.09.24-22.20.48:176][  0]LogConfig: Setting CVar [[r.RenderTargetPoolMin:400]]
[2020.09.24-22.20.48:176][  0]LogConfig: Setting CVar [[r.LensFlareQuality:2]]
[2020.09.24-22.20.48:176][  0]LogConfig: Setting CVar [[r.SceneColorFringeQuality:1]]
[2020.09.24-22.20.48:176][  0]LogConfig: Setting CVar [[r.EyeAdaptationQuality:2]]
[2020.09.24-22.20.48:176][  0]LogConfig: Setting CVar [[r.BloomQuality:5]]
[2020.09.24-22.20.48:176][  0]LogConfig: Setting CVar [[r.FastBlurThreshold:100]]
[2020.09.24-22.20.48:176][  0]LogConfig: Setting CVar [[r.Upscale.Quality:3]]
[2020.09.24-22.20.48:176][  0]LogConfig: Setting CVar [[r.Tonemapper.GrainQuantization:1]]
[2020.09.24-22.20.48:176][  0]LogConfig: Setting CVar [[r.LightShaftQuality:1]]
[2020.09.24-22.20.48:176][  0]LogConfig: Setting CVar [[r.Filter.SizeScale:1]]
[2020.09.24-22.20.48:176][  0]LogConfig: Setting CVar [[r.Tonemapper.Quality:5]]
[2020.09.24-22.20.48:176][  0]LogConfig: Setting CVar [[r.DOF.Gather.AccumulatorQuality:1        ; higher gathering accumulator quality]]
[2020.09.24-22.20.48:176][  0]LogConfig: Setting CVar [[r.DOF.Gather.PostfilterMethod:1          ; Median3x3 postfilering method]]
[2020.09.24-22.20.48:176][  0]LogConfig: Setting CVar [[r.DOF.Gather.EnableBokehSettings:0       ; no bokeh simulation when gathering]]
[2020.09.24-22.20.48:176][  0]LogConfig: Setting CVar [[r.DOF.Gather.RingCount:4                 ; medium number of samples when gathering]]
[2020.09.24-22.20.48:176][  0]LogConfig: Setting CVar [[r.DOF.Scatter.ForegroundCompositing:1    ; additive foreground scattering]]
[2020.09.24-22.20.48:176][  0]LogConfig: Setting CVar [[r.DOF.Scatter.BackgroundCompositing:2    ; additive background scattering]]
[2020.09.24-22.20.48:176][  0]LogConfig: Setting CVar [[r.DOF.Scatter.EnableBokehSettings:1      ; bokeh simulation when scattering]]
[2020.09.24-22.20.48:176][  0]LogConfig: Setting CVar [[r.DOF.Scatter.MaxSpriteRatio:0.1         ; only a maximum of 10% of scattered bokeh]]
[2020.09.24-22.20.48:176][  0]LogConfig: Setting CVar [[r.DOF.Recombine.Quality:1                ; cheap slight out of focus]]
[2020.09.24-22.20.48:176][  0]LogConfig: Setting CVar [[r.DOF.Recombine.EnableBokehSettings:0    ; no bokeh simulation on slight out of focus]]
[2020.09.24-22.20.48:176][  0]LogConfig: Setting CVar [[r.DOF.TemporalAAQuality:1                ; more stable temporal accumulation]]
[2020.09.24-22.20.48:176][  0]LogConfig: Setting CVar [[r.DOF.Kernel.MaxForegroundRadius:0.025]]
[2020.09.24-22.20.48:176][  0]LogConfig: Setting CVar [[r.DOF.Kernel.MaxBackgroundRadius:0.025]]
[2020.09.24-22.20.48:176][  0]LogConfig: Applying CVar settings from Section [TextureQuality@3] File [D:/Github/ReXRR/ReXRR/Saved/Config/Windows/Scalability.ini]
[2020.09.24-22.20.48:176][  0]LogConfig: Setting CVar [[r.Streaming.MipBias:0]]
[2020.09.24-22.20.48:176][  0]LogConfig: Setting CVar [[r.Streaming.AmortizeCPUToGPUCopy:0]]
[2020.09.24-22.20.48:176][  0]LogConfig: Setting CVar [[r.Streaming.MaxNumTexturesToStreamPerFrame:0]]
[2020.09.24-22.20.48:176][  0]LogConfig: Setting CVar [[r.Streaming.Boost:1]]
[2020.09.24-22.20.48:176][  0]LogConfig: Setting CVar [[r.MaxAnisotropy:8]]
[2020.09.24-22.20.48:176][  0]LogConfig: Setting CVar [[r.VT.MaxAnisotropy:8]]
[2020.09.24-22.20.48:176][  0]LogConfig: Setting CVar [[r.Streaming.LimitPoolSizeToVRAM:0]]
[2020.09.24-22.20.48:176][  0]LogConfig: Setting CVar [[r.Streaming.PoolSize:1000]]
[2020.09.24-22.20.48:176][  0]LogConfig: Setting CVar [[r.Streaming.MaxEffectiveScreenSize:0]]
[2020.09.24-22.20.48:176][  0]LogConfig: Applying CVar settings from Section [EffectsQuality@3] File [D:/Github/ReXRR/ReXRR/Saved/Config/Windows/Scalability.ini]
[2020.09.24-22.20.48:176][  0]LogConfig: Setting CVar [[r.TranslucencyLightingVolumeDim:64]]
[2020.09.24-22.20.48:176][  0]LogConfig: Setting CVar [[r.RefractionQuality:2]]
[2020.09.24-22.20.48:176][  0]LogConfig: Setting CVar [[r.SSR.Quality:3]]
[2020.09.24-22.20.48:176][  0]LogConfig: Setting CVar [[r.SSR.HalfResSceneColor:0]]
[2020.09.24-22.20.48:176][  0]LogConfig: Setting CVar [[r.SceneColorFormat:4]]
[2020.09.24-22.20.48:176][  0]LogConfig: Setting CVar [[r.DetailMode:2]]
[2020.09.24-22.20.48:177][  0]LogConfig: Setting CVar [[r.TranslucencyVolumeBlur:1]]
[2020.09.24-22.20.48:177][  0]LogConfig: Setting CVar [[r.MaterialQualityLevel:1 ; High quality]]
[2020.09.24-22.20.48:177][  0]LogConfig: Setting CVar [[r.SSS.Scale:1]]
[2020.09.24-22.20.48:177][  0]LogConfig: Setting CVar [[r.SSS.SampleSet:2]]
[2020.09.24-22.20.48:177][  0]LogConfig: Setting CVar [[r.SSS.Quality:1]]
[2020.09.24-22.20.48:177][  0]LogConfig: Setting CVar [[r.SSS.HalfRes:0]]
[2020.09.24-22.20.48:177][  0]LogConfig: Setting CVar [[r.SSGI.Quality:3]]
[2020.09.24-22.20.48:177][  0]LogConfig: Setting CVar [[r.EmitterSpawnRateScale:1.0]]
[2020.09.24-22.20.48:177][  0]LogConfig: Setting CVar [[r.ParticleLightQuality:2]]
[2020.09.24-22.20.48:177][  0]LogConfig: Setting CVar [[r.SkyAtmosphere.AerialPerspectiveLUT.FastApplyOnOpaque:1 ; Always have FastSkyLUT 1 in this case to avoid wrong sky]]
[2020.09.24-22.20.48:177][  0]LogConfig: Setting CVar [[r.SkyAtmosphere.AerialPerspectiveLUT.SampleCountPerSlice:1]]
[2020.09.24-22.20.48:177][  0]LogConfig: Setting CVar [[r.SkyAtmosphere.AerialPerspectiveLUT.DepthResolution:16.0]]
[2020.09.24-22.20.48:177][  0]LogConfig: Setting CVar [[r.SkyAtmosphere.FastSkyLUT:1]]
[2020.09.24-22.20.48:177][  0]LogConfig: Setting CVar [[r.SkyAtmosphere.FastSkyLUT.SampleCountMin:4.0]]
[2020.09.24-22.20.48:177][  0]LogConfig: Setting CVar [[r.SkyAtmosphere.FastSkyLUT.SampleCountMax:32.0]]
[2020.09.24-22.20.48:177][  0]LogConfig: Setting CVar [[r.SkyAtmosphere.SampleCountMin:4.0]]
[2020.09.24-22.20.48:177][  0]LogConfig: Setting CVar [[r.SkyAtmosphere.SampleCountMax:32.0]]
[2020.09.24-22.20.48:177][  0]LogConfig: Setting CVar [[r.SkyAtmosphere.TransmittanceLUT.UseSmallFormat:0]]
[2020.09.24-22.20.48:177][  0]LogConfig: Setting CVar [[r.SkyAtmosphere.TransmittanceLUT.SampleCount:10.0]]
[2020.09.24-22.20.48:177][  0]LogConfig: Setting CVar [[r.SkyAtmosphere.MultiScatteringLUT.SampleCount:15.0]]
[2020.09.24-22.20.48:177][  0]LogConfig: Applying CVar settings from Section [FoliageQuality@3] File [D:/Github/ReXRR/ReXRR/Saved/Config/Windows/Scalability.ini]
[2020.09.24-22.20.48:177][  0]LogConfig: Setting CVar [[foliage.DensityScale:1.0]]
[2020.09.24-22.20.48:177][  0]LogConfig: Setting CVar [[grass.DensityScale:1.0]]
[2020.09.24-22.20.48:177][  0]LogConfig: Applying CVar settings from Section [ShadingQuality@3] File [D:/Github/ReXRR/ReXRR/Saved/Config/Windows/Scalability.ini]
[2020.09.24-22.20.48:177][  0]LogConfig: Setting CVar [[r.HairStrands.SkyLighting.SampleCount:16]]
[2020.09.24-22.20.48:177][  0]LogConfig: Setting CVar [[r.HairStrands.SkyLighting.JitterIntegration:0]]
[2020.09.24-22.20.48:177][  0]LogConfig: Setting CVar [[r.HairStrands.SkyAO.SampleCount:16]]
[2020.09.24-22.20.48:177][  0]LogConfig: Setting CVar [[r.HairStrands.DeepShadow.SuperSampling:0]]
[2020.09.24-22.20.48:177][  0]LogConfig: Setting CVar [[r.HairStrands.VisibilityPPLL:0]]
[2020.09.24-22.20.48:177][  0]LogConfig: Setting CVar [[r.HairStrands.RasterizationScale:0.5]]
[2020.09.24-22.20.48:177][  0]LogConfig: Setting CVar [[r.HairStrands.VelocityRasterizationScale:1]]
[2020.09.24-22.20.48:177][  0]LogConfig: Applying CVar settings from Section [Startup] File [../../../Engine/Config/ConsoleVariables.ini]
[2020.09.24-22.20.48:223][  0]LogConfig: Setting CVar [[net.UseAdaptiveNetUpdateFrequency:0]]
[2020.09.24-22.20.48:223][  0]LogConfig: Setting CVar [[p.chaos.AllowCreatePhysxBodies:1]]
[2020.09.24-22.20.48:223][  0]LogConfig: Setting CVar [[fx.SkipVectorVMBackendOptimizations:1]]
[2020.09.24-22.20.48:223][  0]LogConfig: Applying CVar settings from Section [ConsoleVariables] File [D:/Github/ReXRR/ReXRR/Saved/Config/Windows/Engine.ini]
[2020.09.24-22.20.48:313][  0]LogInit: Computer: CDA-NEIL
[2020.09.24-22.20.48:313][  0]LogInit: User: neil
[2020.09.24-22.20.48:314][  0]LogInit: CPU Page size=4096, Cores=4
[2020.09.24-22.20.48:314][  0]LogInit: High frequency timer resolution =10.000000 MHz
[2020.09.24-22.20.48:314][  0]LogMemory: Memory total: Physical=15.9GB (16GB approx)
[2020.09.24-22.20.48:324][  0]LogMemory: Platform Memory Stats for Windows
[2020.09.24-22.20.48:324][  0]LogMemory: Process Physical Memory: 116.98 MB used, 116.99 MB peak
[2020.09.24-22.20.48:324][  0]LogMemory: Process Virtual Memory: 105.28 MB used, 105.28 MB peak
[2020.09.24-22.20.48:324][  0]LogMemory: Physical Memory: 11314.53 MB used,  4956.88 MB free, 16271.41 MB total
[2020.09.24-22.20.48:324][  0]LogMemory: Virtual Memory: 5158.52 MB used,  134212568.00 MB free, 134217728.00 MB total
[2020.09.24-22.20.48:878][  0]LogWindows: WindowsPlatformFeatures enabled
[2020.09.24-22.20.49:986][  0]LogInit: Physics initialised using underlying interface: PhysX
[2020.09.24-22.20.50:019][  0]LogInit: Using OS detected language (en-US).
[2020.09.24-22.20.50:019][  0]LogInit: Using OS detected locale (en-US).
[2020.09.24-22.20.50:274][  0]LogTextLocalizationManager: No specific localization for 'en-US' exists, so the 'en' localization will be used.
[2020.09.24-22.20.51:034][  0]LogInit: Setting process to per monitor DPI aware
[2020.09.24-22.20.51:733][  0]LogSlate: New Slate User Created.  User Index 0, Is Virtual User: 0
[2020.09.24-22.20.51:733][  0]LogSlate: Slate User Registered.  User Index 0, Is Virtual User: 0
[2020.09.24-22.20.59:026][  0]LogHMD: Failed to initialize OpenVR with code 108
[2020.09.24-22.20.59:026][  0]LogD3D11RHI: D3D11 min allowed feature level: 11_0
[2020.09.24-22.20.59:026][  0]LogD3D11RHI: D3D11 max allowed feature level: 11_0
[2020.09.24-22.20.59:026][  0]LogD3D11RHI: D3D11 adapters:
[2020.09.24-22.20.59:186][  0]LogD3D11RHI:    0. 'NVIDIA GeForce GTX 1060' (Feature Level 11_0)
[2020.09.24-22.20.59:186][  0]LogD3D11RHI:       6052/0/8135 MB DedicatedVideo/DedicatedSystem/SharedSystem, Outputs:2, VendorId:0x10de
[2020.09.24-22.20.59:254][  0]LogD3D11RHI:    1. 'Intel(R) HD Graphics 630' (Feature Level 11_0)
[2020.09.24-22.20.59:254][  0]LogD3D11RHI:       128/0/8135 MB DedicatedVideo/DedicatedSystem/SharedSystem, Outputs:0, VendorId:0x8086
[2020.09.24-22.20.59:257][  0]LogD3D11RHI:    2. 'Microsoft Basic Render Driver' (Feature Level 11_0)
[2020.09.24-22.20.59:257][  0]LogD3D11RHI:       0/0/8135 MB DedicatedVideo/DedicatedSystem/SharedSystem, Outputs:0, VendorId:0x1414
[2020.09.24-22.20.59:278][  0]LogD3D11RHI:    3. 'Intel(R) HD Graphics 630' (Feature Level 11_0)
[2020.09.24-22.20.59:278][  0]LogD3D11RHI:       128/0/8135 MB DedicatedVideo/DedicatedSystem/SharedSystem, Outputs:0, VendorId:0x8086
[2020.09.24-22.20.59:278][  0]LogD3D11RHI: Chosen D3D11 Adapter: 0
[2020.09.24-22.20.59:474][  0]LogD3D11RHI: Creating new Direct3DDevice
[2020.09.24-22.20.59:474][  0]LogD3D11RHI:     GPU DeviceId: 0x1c20 (for the marketing name, search the web for "GPU Device Id")
[2020.09.24-22.20.59:474][  0]LogWindows: EnumDisplayDevices:
[2020.09.24-22.20.59:474][  0]LogWindows:    0. 'Intel(R) HD Graphics 630' (P:1 D:1)
[2020.09.24-22.20.59:474][  0]LogWindows:    1. 'Intel(R) HD Graphics 630' (P:0 D:1)
[2020.09.24-22.20.59:475][  0]LogWindows:    2. 'Intel(R) HD Graphics 630' (P:0 D:0)
[2020.09.24-22.20.59:475][  0]LogWindows:    3. 'NVIDIA GeForce GTX 1060' (P:0 D:0)
[2020.09.24-22.20.59:475][  0]LogWindows:    4. 'NVIDIA GeForce GTX 1060' (P:0 D:0)
[2020.09.24-22.20.59:476][  0]LogWindows:    5. 'NVIDIA GeForce GTX 1060' (P:0 D:0)
[2020.09.24-22.20.59:476][  0]LogWindows:    6. 'NVIDIA GeForce GTX 1060' (P:0 D:0)
[2020.09.24-22.20.59:476][  0]LogWindows:    7. 'LuminonCore IDDCX Adapter' (P:0 D:0)
[2020.09.24-22.20.59:476][  0]LogWindows:    8. 'LuminonCore IDDCX Adapter' (P:0 D:0)
[2020.09.24-22.20.59:477][  0]LogWindows:    9. 'LuminonCore IDDCX Adapter' (P:0 D:0)
[2020.09.24-22.20.59:477][  0]LogWindows:    10. 'LuminonCore IDDCX Adapter' (P:0 D:0)
[2020.09.24-22.20.59:477][  0]LogWindows:    11. 'LuminonCore IDDCX Adapter' (P:0 D:0)
[2020.09.24-22.20.59:477][  0]LogWindows:    12. 'LuminonCore IDDCX Adapter' (P:0 D:0)
[2020.09.24-22.20.59:477][  0]LogWindows:    13. 'LuminonCore IDDCX Adapter' (P:0 D:0)
[2020.09.24-22.20.59:478][  0]LogWindows:    14. 'LuminonCore IDDCX Adapter' (P:0 D:0)
[2020.09.24-22.20.59:478][  0]LogWindows:    15. 'LuminonCore IDDCX Adapter' (P:0 D:0)
[2020.09.24-22.20.59:478][  0]LogWindows:    16. 'LuminonCore IDDCX Adapter' (P:0 D:0)
[2020.09.24-22.20.59:478][  0]LogWindows:    17. 'LuminonCore IDDCX Adapter' (P:0 D:0)
[2020.09.24-22.20.59:479][  0]LogWindows:    18. 'LuminonCore IDDCX Adapter' (P:0 D:0)
[2020.09.24-22.20.59:479][  0]LogWindows:    19. 'LuminonCore IDDCX Adapter' (P:0 D:0)
[2020.09.24-22.20.59:479][  0]LogWindows:    20. 'LuminonCore IDDCX Adapter' (P:0 D:0)
[2020.09.24-22.20.59:479][  0]LogWindows:    21. 'LuminonCore IDDCX Adapter' (P:0 D:0)
[2020.09.24-22.20.59:480][  0]LogWindows:    22. 'LuminonCore IDDCX Adapter' (P:0 D:0)
[2020.09.24-22.20.59:480][  0]LogWindows: DebugString: PrimaryIsNotTheChoosenAdapter PrimaryIsNotTheChoosenAdapter PrimaryIsNotTheChoosenAdapter GetVideoDriverDetailsInvalid PrimaryIsNotTheChoosenAdapter GetVideoDriverDetailsInvalid PrimaryIsNotTheChoosenAdapter GetVideoDriverDetailsInvalid PrimaryIsNotTheChoosenAdapter GetVideoDriverDetailsInvalid PrimaryIsNotTheChoosenAdapter GetVideoDriverDetailsInvalid PrimaryIsNotTheChoosenAdapter GetVideoDriverDetailsInvalid PrimaryIsNotTheChoosenAdapter GetVideoDriverDetailsInvalid PrimaryIsNotTheChoosenAdapter GetVideoDriverDetailsInvalid PrimaryIsNotTheChoosenAdapter GetVideoDriverDetailsInvalid PrimaryIsNotTheChoosenAdapter GetVideoDriverDetailsInvalid PrimaryIsNotTheChoosenAdapter GetVideoDriverDetailsInvalid PrimaryIsNotTheChoosenAdapter GetVideoDriverDetailsInvalid PrimaryIsNotTheChoosenAdapter GetVideoDriverDetailsInvalid PrimaryIsNotTheChoosenAdapter GetVideoDriverDetailsInvalid PrimaryIsNotTheChoosenAdapter GetVideoDriverDetailsInvalid PrimaryIsNotTheChoosenAdapter GetVideoDriverDetailsInvalid PrimaryIsNotTheChoosenAdapter FoundDriverCount:4 
[2020.09.24-22.20.59:480][  0]LogD3D11RHI:     Adapter Name: NVIDIA GeForce GTX 1060
[2020.09.24-22.20.59:480][  0]LogD3D11RHI:   Driver Version: 452.06 (internal:27.21.14.5206, unified:452.06)
[2020.09.24-22.20.59:480][  0]LogD3D11RHI:      Driver Date: 8-12-2020
[2020.09.24-22.20.59:480][  0]LogRHI: Texture pool is 4236 MB (70% of 6052 MB)
[2020.09.24-22.20.59:573][  0]LogD3D11RHI: RHI has support for 64 bit atomics
[2020.09.24-22.20.59:579][  0]LogD3D11RHI: [Aftermath] Enabled and primed
[2020.09.24-22.20.59:580][  0]LogD3D11RHI: Async texture creation enabled
[2020.09.24-22.20.59:580][  0]LogD3D11RHI: Array index from any shader is supported
[2020.09.24-22.21.00:254][  0]LogD3D11RHI: GPU Timing Frequency: 1000.000000 (Debug: 2 1)
[2020.09.24-22.21.02:753][  0]LogTargetPlatformManager: Display: Loaded TargetPlatform 'AllDesktop'
[2020.09.24-22.21.02:891][  0]LogTargetPlatformManager: Display: Loaded TargetPlatform 'Android'
[2020.09.24-22.21.02:891][  0]LogTargetPlatformManager: Display: Loaded TargetPlatform 'Android_ASTC'
[2020.09.24-22.21.02:891][  0]LogTargetPlatformManager: Display: Loaded TargetPlatform 'Android_DXT'
[2020.09.24-22.21.02:891][  0]LogTargetPlatformManager: Display: Loaded TargetPlatform 'Android_ETC2'
[2020.09.24-22.21.02:891][  0]LogTargetPlatformManager: Display: Loaded TargetPlatform 'AndroidClient'
[2020.09.24-22.21.02:891][  0]LogTargetPlatformManager: Display: Loaded TargetPlatform 'Android_ASTCClient'
[2020.09.24-22.21.02:891][  0]LogTargetPlatformManager: Display: Loaded TargetPlatform 'Android_DXTClient'
[2020.09.24-22.21.02:891][  0]LogTargetPlatformManager: Display: Loaded TargetPlatform 'Android_ETC2Client'
[2020.09.24-22.21.02:891][  0]LogTargetPlatformManager: Display: Loaded TargetPlatform 'Android_Multi'
[2020.09.24-22.21.02:891][  0]LogTargetPlatformManager: Display: Loaded TargetPlatform 'Android_MultiClient'
[2020.09.24-22.21.03:117][  0]LogTargetPlatformManager: Display: Loaded TargetPlatform 'IOSClient'
[2020.09.24-22.21.03:117][  0]LogTargetPlatformManager: Display: Loaded TargetPlatform 'IOS'
[2020.09.24-22.21.03:256][  0]LogTargetPlatformManager: Display: Loaded TargetPlatform 'Linux'
[2020.09.24-22.21.03:307][  0]LogTargetPlatformManager: Display: Loaded TargetPlatform 'LinuxNoEditor'
[2020.09.24-22.21.03:352][  0]LogTargetPlatformManager: Display: Loaded TargetPlatform 'LinuxClient'
[2020.09.24-22.21.03:399][  0]LogTargetPlatformManager: Display: Loaded TargetPlatform 'LinuxServer'
[2020.09.24-22.21.03:445][  0]LogTargetPlatformManager: Display: Loaded TargetPlatform 'LinuxAArch64NoEditor'
[2020.09.24-22.21.03:502][  0]LogTargetPlatformManager: Display: Loaded TargetPlatform 'LinuxAArch64Client'
[2020.09.24-22.21.03:548][  0]LogTargetPlatformManager: Display: Loaded TargetPlatform 'LinuxAArch64Server'
[2020.09.24-22.21.03:624][  0]LogTargetPlatformManager: Display: Loaded TargetPlatform 'Lumin'
[2020.09.24-22.21.03:624][  0]LogTargetPlatformManager: Display: Loaded TargetPlatform 'LuminClient'
[2020.09.24-22.21.03:672][  0]LogTargetPlatformManager: Display: Loaded TargetPlatform 'TVOSClient'
[2020.09.24-22.21.03:672][  0]LogTargetPlatformManager: Display: Loaded TargetPlatform 'TVOS'
[2020.09.24-22.21.03:773][  0]LogTargetPlatformManager: Display: Loaded TargetPlatform 'WindowsNoEditor'
[2020.09.24-22.21.03:822][  0]LogTargetPlatformManager: Display: Loaded TargetPlatform 'Windows'
[2020.09.24-22.21.03:875][  0]LogTargetPlatformManager: Display: Loaded TargetPlatform 'WindowsClient'
[2020.09.24-22.21.03:918][  0]LogTargetPlatformManager: Display: Loaded TargetPlatform 'WindowsServer'
[2020.09.24-22.21.03:919][  0]LogTargetPlatformManager: Display: Building Assets For Windows
[2020.09.24-22.21.04:264][  0]LogAudioDebug: Display: Lib vorbis DLL was dynamically loaded.
[2020.09.24-22.21.05:451][  0]LogShaderCompilers: Guid format shader working directory is 12 characters bigger than the processId version (../../../../../Github/ReXRR/ReXRR/Intermediate/Shaders/WorkingDirectory/3032/).
[2020.09.24-22.21.05:451][  0]LogShaderCompilers: Cleaned the shader compiler working directory 'C:/Users/neil/AppData/Local/Temp/UnrealShaderWorkingDir/C953F8FF44FB8D2815D23FB127D6B8CA/'.
[2020.09.24-22.21.05:474][  0]LogXGEController: Cleaning working directory: C:/Users/neil/AppData/Local/Temp/UnrealXGEWorkingDir/
[2020.09.24-22.21.05:474][  0]LogXGEController: Cannot use XGE Controller as Incredibuild is not installed on this machine.
[2020.09.24-22.21.05:474][  0]LogShaderCompilers: Cannot use XGE Shader Compiler as Incredibuild is not installed on this machine.
[2020.09.24-22.21.05:474][  0]LogShaderCompilers: Display: Using Local Shader Compiler.
[2020.09.24-22.21.14:636][  0]LogDerivedDataCache: Display: Max Cache Size: 512 MB
[2020.09.24-22.21.15:057][  0]LogDerivedDataCache: Loaded boot cache 0.42s 82MB C:/Users/neil/AppData/Local/UnrealEngine/4.25/DerivedDataCache/Boot.ddc.
[2020.09.24-22.21.15:057][  0]LogDerivedDataCache: Display: Loaded Boot cache: C:/Users/neil/AppData/Local/UnrealEngine/4.25/DerivedDataCache/Boot.ddc
[2020.09.24-22.21.15:057][  0]LogDerivedDataCache: FDerivedDataBackendGraph:  Pak pak cache file ../../../../../Github/ReXRR/ReXRR/DerivedDataCache/DDC.ddp not found, will not use a pak cache.
[2020.09.24-22.21.15:057][  0]LogDerivedDataCache: Unable to find inner node Pak for hierarchical cache Hierarchy.
[2020.09.24-22.21.15:057][  0]LogDerivedDataCache: FDerivedDataBackendGraph:  CompressedPak pak cache file ../../../../../Github/ReXRR/ReXRR/DerivedDataCache/Compressed.ddp not found, will not use a pak cache.
[2020.09.24-22.21.15:057][  0]LogDerivedDataCache: Unable to find inner node CompressedPak for hierarchical cache Hierarchy.
[2020.09.24-22.21.16:485][  0]LogDerivedDataCache: Display: Pak cache opened for reading ../../../Engine/DerivedDataCache/Compressed.ddp.
[2020.09.24-22.21.16:485][  0]LogDerivedDataCache: FDerivedDataBackendGraph:  EnterprisePak pak cache file ../../../Enterprise/DerivedDataCache/Compressed.ddp not found, will not use a pak cache.
[2020.09.24-22.21.16:485][  0]LogDerivedDataCache: Unable to find inner node EnterprisePak for hierarchical cache Hierarchy.
[2020.09.24-22.21.16:487][  0]LogDerivedDataCache: Using Local data cache path C:/Users/neil/AppData/Local/UnrealEngine/Common/DerivedDataCache: Writable
[2020.09.24-22.21.16:487][  0]LogDerivedDataCache: Shared data cache path not found in *engine.ini, will not use an Shared cache.
[2020.09.24-22.21.16:487][  0]LogDerivedDataCache: Unable to find inner node Shared for hierarchical cache Hierarchy.
[2020.09.24-22.21.16:747][  0]LogSlate: Using FreeType 2.10.0
[2020.09.24-22.21.16:885][  0]LogSlate: SlateFontServices - WITH_FREETYPE: 1, WITH_HARFBUZZ: 1
[2020.09.24-22.21.17:972][  0]LogAssetRegistry: FAssetRegistry took 0.0315 seconds to start up
[2020.09.24-22.21.24:794][  0]LogInit: Selected Device Profile: [Windows]
[2020.09.24-22.21.28:668][  0]LogMeshReduction: Using QuadricMeshReduction for automatic static mesh reduction
[2020.09.24-22.21.28:668][  0]LogMeshReduction: Using SimplygonMeshReduction for automatic skeletal mesh reduction
[2020.09.24-22.21.28:668][  0]LogMeshReduction: Using ProxyLODMeshReduction for automatic mesh merging
[2020.09.24-22.21.28:668][  0]LogMeshReduction: No distributed automatic mesh merging module available
[2020.09.24-22.21.28:669][  0]LogMeshMerging: No distributed automatic mesh merging module available
[2020.09.24-22.21.29:944][  0]LogNetVersion: ReXRR 1.0.0, NetCL: 13144385, EngineNetVer: 14, GameNetVer: 0 (Checksum: 914199292)
[2020.09.24-22.21.55:697][  0]LogAISub: UAISubsystem::UAISubsystem AISubsystem (00000221B616E780), frame # 0
[2020.09.24-22.21.55:697][  0]LogAISub: UAISubsystem::UAISubsystem AIPerceptionSystem (00000221B6026AC0), frame # 0
[2020.09.24-22.21.55:721][  0]LogAISub: UAISubsystem::UAISubsystem EnvQueryManager (00000221B6075C00), frame # 0
[2020.09.24-22.21.56:316][  0]LogPackageLocalizationCache: Processed 29 localized package path(s) for 1 prioritized culture(s) in 0.173977 seconds
[2020.09.24-22.21.56:343][  0]LogUObjectArray: 15911 objects as part of root set at end of initial load.
[2020.09.24-22.21.56:343][  0]LogUObjectAllocator: 3963456 out of 0 bytes used by permanent object pool.
[2020.09.24-22.21.56:343][  0]LogUObjectArray: CloseDisregardForGC: 0/0 objects in disregard for GC pool
[2020.09.24-22.22.01:868][  0]LogPython: Using Python 2.7.14
[2020.09.24-22.22.06:241][  0]LogTcpMessaging: Initializing TcpMessaging bridge
[2020.09.24-22.22.06:324][  0]LogUdpMessaging: Initializing bridge on interface 0.0.0.0:0 to multicast group 230.0.0.1:6666.
[2020.09.24-22.22.07:610][  0]SourceControl: Source control is disabled
[2020.09.24-22.22.07:610][  0]SourceControl: Source control is disabled
[2020.09.24-22.22.07:780][  0]SourceControl: Source control is disabled
[2020.09.24-22.22.07:865][  0]SourceControl: Source control is disabled
[2020.09.24-22.22.07:963][  0]SourceControl: Source control is disabled
[2020.09.24-22.22.10:592][  0]LogImageWrapper: Warning: PNG Warning: Duplicate iCCP chunk
[2020.09.24-22.22.10:592][  0]LogImageWrapper: Warning: PNG Warning: Duplicate iCCP chunk
[2020.09.24-22.22.16:980][  0]LogImageWrapper: Warning: PNG Warning: Duplicate iCCP chunk
[2020.09.24-22.22.16:980][  0]LogImageWrapper: Warning: PNG Warning: Duplicate iCCP chunk
[2020.09.24-22.22.21:117][  0]LogAndroidPermission: UAndroidPermissionCallbackProxy::GetInstance
[2020.09.24-22.22.21:746][  0]LogAudioCaptureCore: Display: No Audio Capture implementations found. Audio input will be silent.
[2020.09.24-22.22.21:746][  0]LogAudioCaptureCore: Display: No Audio Capture implementations found. Audio input will be silent.
[2020.09.24-22.22.22:274][  0]LogOcInput: OculusInput pre-init called
[2020.09.24-22.22.22:359][  0]LogWindows: Failed to load 'OVRPlugin.dll' (GetLastError=126)
[2020.09.24-22.22.22:359][  0]LogWindows: File 'OVRPlugin.dll' does not exist
[2020.09.24-22.22.23:990][  0]LogEngine: Initializing Engine...
[2020.09.24-22.22.24:094][  0]LogHMD: Failed to initialize OpenVR with code 108
[2020.09.24-22.22.24:094][  0]LogMagicLeap: Warning: VR disabled because ZI is not enabled.  To enable, in the editor, Edit -> Project Settings -> Plugins -> Magic Leap Plugin -> Enable Zero Iteration
[2020.09.24-22.22.24:161][  0]LogStylusInput: Initializing StylusInput subsystem.
[2020.09.24-22.22.24:198][  0]LogStats: UGameplayTagsManager::InitializeManager -  0.001 s
[2020.09.24-22.22.25:194][  0]LogInit: Initializing FReadOnlyCVARCache
[2020.09.24-22.22.25:801][  0]LogAIModule: Creating AISystem for world Untitled
[2020.09.24-22.22.25:801][  0]LogAISub: UAISubsystem::UAISubsystem EnvQueryManager (00000221C9B4A600), frame # 0
[2020.09.24-22.22.25:802][  0]LogAISub: UAISubsystem::UAISubsystem AIPerceptionSystem (00000221C9B8A480), frame # 0
[2020.09.24-22.22.26:051][  0]LogAudioMixer: Display: Audio Mixer Platform Settings:
[2020.09.24-22.22.26:051][  0]LogAudioMixer: Display: 	Sample Rate:						  48000
[2020.09.24-22.22.26:051][  0]LogAudioMixer: Display: 	Callback Buffer Frame Size Requested: 1024
[2020.09.24-22.22.26:051][  0]LogAudioMixer: Display: 	Callback Buffer Frame Size To Use:	  1024
[2020.09.24-22.22.26:051][  0]LogAudioMixer: Display: 	Number of buffers to queue:			  2
[2020.09.24-22.22.26:051][  0]LogAudioMixer: Display: 	Max Channels (voices):				  32
[2020.09.24-22.22.26:051][  0]LogAudioMixer: Display: 	Number of Async Source Workers:		  0
[2020.09.24-22.22.26:052][  0]LogAudio: Display: AudioDevice MaxSources: 32
[2020.09.24-22.22.26:089][  0]LogAudio: Display: Using built-in audio occlusion.
[2020.09.24-22.22.26:089][  0]LogAudioMixer: Display: Initializing audio mixer.
[2020.09.24-22.22.26:375][  0]LogAudioMixer: Display: 0: FrontLeft
[2020.09.24-22.22.26:375][  0]LogAudioMixer: Display: 1: FrontRight
[2020.09.24-22.22.26:375][  0]LogAudioMixer: Display: 2: FrontCenter
[2020.09.24-22.22.26:376][  0]LogAudioMixer: Display: 3: LowFrequency
[2020.09.24-22.22.26:376][  0]LogAudioMixer: Display: 4: BackLeft
[2020.09.24-22.22.26:376][  0]LogAudioMixer: Display: 5: BackRight
[2020.09.24-22.22.26:376][  0]LogAudioMixer: Display: 6: SideLeft
[2020.09.24-22.22.26:376][  0]LogAudioMixer: Display: 7: SideRight
[2020.09.24-22.22.26:689][  0]LogAudioMixer: Display: Using Audio Device Speakers (Realtek High Definition Audio)
[2020.09.24-22.22.27:275][  0]LogAudioMixer: Display: Initializing Sound Submixes...
[2020.09.24-22.22.27:346][  0]LogAudioMixer: Display: Creating Master Submix 'MasterSubmixDefault'
[2020.09.24-22.22.27:346][  0]LogAudioMixer: Display: Creating Master Submix 'MasterReverbSubmixDefault'
[2020.09.24-22.22.27:363][  0]LogAudioMixer: Display: Creating Master Submix 'MasterEQSubmixDefault'
[2020.09.24-22.22.27:366][  0]LogInit: FAudioDevice initialized.
[2020.09.24-22.22.27:372][  0]LogNetVersion: Set ProjectVersion to 1.0.0.0. Version Checksum will be recalculated on next use.
[2020.09.24-22.22.27:597][  0]LogDerivedDataCache: Saved boot cache 0.22s 82MB C:/Users/neil/AppData/Local/UnrealEngine/4.25/DerivedDataCache/Boot.ddc.
[2020.09.24-22.22.27:605][  0]LogInit: Texture streaming: Enabled
[2020.09.24-22.22.27:860][  0]LogEngineSessionManager: EngineSessionManager initialized
[2020.09.24-22.22.27:860][  0]LogEditorSessionSummary: Verbose: Initializing EditorSessionSummaryWriter for editor session tracking
[2020.09.24-22.22.27:951][  0]LogEditorSessionSummary: EditorSessionSummaryWriter initialized
[2020.09.24-22.22.28:272][  0]LogInit: Transaction tracking system initialized
[2020.09.24-22.22.28:702][  0]BlueprintLog: New page: Editor Load
[2020.09.24-22.22.30:232][  0]LocalizationService: Localization service is disabled
[2020.09.24-22.22.35:381][  0]LogFileCache: Scanning file cache for directory 'D:/Github/ReXRR/ReXRR/Content/' took 0.17s
[2020.09.24-22.22.35:381][  0]LogCook: Display: Max memory allowance for cook 16384mb min free memory 0mb
[2020.09.24-22.22.35:381][  0]LogCook: Display: Mobile HDR setting 1
[2020.09.24-22.22.46:889][  0]LogImageWrapper: Warning: PNG Warning: Duplicate iCCP chunk
[2020.09.24-22.22.46:889][  0]LogImageWrapper: Warning: PNG Warning: Duplicate iCCP chunk
[2020.09.24-22.22.47:925][  0]SourceControl: Source control is disabled
[2020.09.24-22.22.47:934][  0]LogUnrealEdMisc: Loading editor; pre map load, took 158.247
[2020.09.24-22.22.47:946][  0]Cmd: MAP LOAD FILE="../../../../../Github/ReXRR/ReXRR/Content/Maps/RobotTableInfinite.umap" TEMPLATE=0 SHOWPROGRESS=1 FEATURELEVEL=3
[2020.09.24-22.22.48:040][  0]LightingResults: New page: Lighting Build
[2020.09.24-22.22.48:197][  0]LogWorld: UWorld::CleanupWorld for Untitled, bSessionEnded=true, bCleanupResources=true
[2020.09.24-22.22.48:222][  0]LogSlate: InvalidateAllWidgets triggered.  All widgets were invalidated
[2020.09.24-22.22.48:257][  0]MapCheck: New page: Map Check
[2020.09.24-22.22.48:257][  0]LightingResults: New page: Lighting Build
[2020.09.24-22.22.48:734][  0]LogAISub: UAISubsystem::~UAISubsystem EnvQueryManager (00000221C9B4A600), frame # 0
[2020.09.24-22.22.48:735][  0]LogAISub: UAISubsystem::~UAISubsystem AIPerceptionSystem (00000221C9B8A480), frame # 0
[2020.09.24-22.22.48:737][  0]LogUObjectHash: Compacting FUObjectHashTables data took   1.01ms
[2020.09.24-22.22.52:563][  0]LogAIModule: Creating AISystem for world RobotTableInfinite
[2020.09.24-22.22.52:563][  0]LogAISub: UAISubsystem::UAISubsystem EnvQueryManager (00000221ACA6BE00), frame # 0
[2020.09.24-22.22.52:563][  0]LogAISub: UAISubsystem::UAISubsystem AIPerceptionSystem (00000221AA45E200), frame # 0
[2020.09.24-22.22.53:148][  0]LogEditorServer: Finished looking for orphan Actors (0.000 secs)
[2020.09.24-22.22.53:251][  0]LogUObjectHash: Compacting FUObjectHashTables data took   0.95ms
[2020.09.24-22.22.53:252][  0]Cmd: MAP CHECKDEP NOCLEARLOG
[2020.09.24-22.22.53:272][  0]MapCheck: Map check complete: 0 Error(s), 0 Warning(s), took 0.555ms to complete.
[2020.09.24-22.22.53:272][  0]LogFileHelpers: Loading map 'RobotTableInfinite' took 5.328
[2020.09.24-22.22.54:415][  0]LogUnrealEdMisc: Total Editor Startup Time, took 164.728
[2020.09.24-22.22.55:114][  0]LogSlate: Updating window title bar state: overlay mode, drag disabled, window buttons hidden, title bar hidden
[2020.09.24-22.22.55:124][  0]LogSlate: Updating window title bar state: overlay mode, drag disabled, window buttons hidden, title bar hidden
[2020.09.24-22.22.55:134][  0]LogSlate: Updating window title bar state: overlay mode, drag disabled, window buttons hidden, title bar hidden
[2020.09.24-22.22.55:145][  0]LogSlate: Updating window title bar state: overlay mode, drag disabled, window buttons hidden, title bar hidden
[2020.09.24-22.22.55:285][  0]LogCollectionManager: Loaded 0 collections in 0.000998 seconds
[2020.09.24-22.22.55:494][  0]LogFileCache: Scanning file cache for directory 'D:/Github/ReXRR/ReXRR/Saved/Collections/' took 0.00s
[2020.09.24-22.22.55:494][  0]LogFileCache: Scanning file cache for directory 'D:/Github/ReXRR/ReXRR/Content/Developers/neil/Collections/' took 0.00s
[2020.09.24-22.22.55:494][  0]LogFileCache: Scanning file cache for directory 'D:/Github/ReXRR/ReXRR/Content/Collections/' took 0.00s
[2020.09.24-22.22.55:494][  0]LogContentBrowser: Native class hierarchy populated in 0.0148 seconds. Added 3806 classes and 911 folders.
[2020.09.24-22.22.55:610][  0]LogContentBrowser: Native class hierarchy updated for 'WidgetCarousel' in 0.0006 seconds. Added 0 classes and 0 folders.
[2020.09.24-22.22.58:399][  0]LogContentBrowser: Native class hierarchy updated for 'AddContentDialog' in 0.0003 seconds. Added 0 classes and 0 folders.
[2020.09.24-22.22.58:493][  0]LogContentBrowser: Native class hierarchy updated for 'SceneOutliner' in 0.0007 seconds. Added 2 classes and 0 folders.
[2020.09.24-22.22.59:644][  0]LogSlate: Took 0.021498 seconds to synchronously load lazily loaded font '../../../Engine/Content/Slate/Fonts/Roboto-Regular.ttf' (155K)
[2020.09.24-22.22.59:683][  0]LogSlate: Took 0.019856 seconds to synchronously load lazily loaded font '../../../Engine/Content/Slate/Fonts/Roboto-Bold.ttf' (160K)
[2020.09.24-22.22.59:753][  0]LogSlate: Took 0.053369 seconds to synchronously load lazily loaded font '../../../Engine/Content/Editor/Slate/Fonts/FontAwesome.ttf' (139K)
[2020.09.24-22.23.00:313][  0]LogRenderer: Reallocating scene render targets to support 888x392 Format 10 NumSamples 1 (Frame:1).
[2020.09.24-22.23.01:002][  0]LogContentBrowser: Native class hierarchy updated for 'HierarchicalLODOutliner' in 0.0005 seconds. Added 0 classes and 0 folders.
[2020.09.24-22.23.01:002][  0]LogLoad: (Engine Initialization) Total time: 171.32 seconds
[2020.09.24-22.23.01:002][  0]LogLoad: (Engine Initialization) Total Blueprint compile time: 0.00 seconds
[2020.09.24-22.23.01:305][  0]LogAssetRegistry: Asset discovery search completed in 103.3369 seconds
[2020.09.24-22.23.01:317][  0]LogCollectionManager: Fixed up redirectors for 0 collections in 0.000011 seconds (updated 0 objects)
[2020.09.24-22.23.01:738][  0]LogContentStreaming: Texture pool size now 1000 MB
[2020.09.24-22.23.02:006][  1]LogFileCache: Retrieving MD5 hashes for directory 'D:/Github/ReXRR/ReXRR/Content/' took 0.77s
[2020.09.24-22.23.02:036][  2]LogRenderer: Reallocating scene render targets to support 888x512 Format 10 NumSamples 1 (Frame:1).
[2020.09.24-22.23.02:354][  3]LogStaticMesh: Allocated 398x64x64 distance field atlas = 3.1Mb, with 29 objects containing 2.1Mb backing data
[2020.09.24-22.23.04:432][  8]LogSlate: Took 0.049468 seconds to synchronously load lazily loaded font '../../../Engine/Content/Slate/Fonts/Roboto-Light.ttf' (167K)
[2020.09.24-22.23.33:277][271]AssetReimport: New page: Outstanding source content changes 12:23:32 PM
[2020.09.24-22.23.34:175][272]LogFactory: FactoryCreateFile: StaticMesh with FbxFactory (0 0 D:/Github/ReXRR/ReXRR/Content/Models/multiuserRover/MultiuserRover.fbx)
[2020.09.24-22.23.34:414][272]LogFbx: Loading FBX Scene from D:/Github/ReXRR/ReXRR/Content/Models/multiuserRover/MultiuserRover.fbx
[2020.09.24-22.23.34:605][272]LogFbx: FBX Scene Loaded Succesfully
[2020.09.24-22.23.51:413][272]LogSlate: Window 'FBX Import Options' being destroyed
[2020.09.24-22.23.52:135][272]LogFbx: Triangulating skeletal mesh Plane.003
[2020.09.24-22.23.52:137][272]LogFbx: Triangulating skeletal mesh Plane
[2020.09.24-22.23.56:303][272]LogFbx: Triangulating skeletal mesh Body
[2020.09.24-22.24.02:230][272]LogFbx: Triangulating skeletal mesh Plane.001
[2020.09.24-22.24.02:230][272]LogFbx: Triangulating skeletal mesh Plane.002
[2020.09.24-22.24.02:233][272]LogFbx: Triangulating skeletal mesh Bogey_Mesh_L_Front
[2020.09.24-22.24.02:328][272]LogFbx: Triangulating skeletal mesh wheel03
[2020.09.24-22.24.02:433][272]LogFbx: Triangulating skeletal mesh Bogey_Mesh_L_Front.001
[2020.09.24-22.24.02:539][272]LogFbx: Triangulating skeletal mesh wheel01
[2020.09.24-22.24.02:649][272]LogFbx: Triangulating skeletal mesh Bogey_Mesh_R_Rear
[2020.09.24-22.24.02:745][272]LogFbx: Triangulating skeletal mesh wheel04
[2020.09.24-22.24.02:846][272]LogFbx: Triangulating skeletal mesh Bogey_Mesh_R_Front
[2020.09.24-22.24.02:957][272]LogFbx: Triangulating skeletal mesh wheel02
[2020.09.24-22.24.13:860][272]LogSkeletalMesh: Section 0: 24191 vertices, 13 active bones
[2020.09.24-22.24.13:863][272]LogSkeletalMesh: Section 1: 13094 vertices, 5 active bones
[2020.09.24-22.24.13:863][272]LogSkeletalMesh: Section 2: 500 vertices, 1 active bones
[2020.09.24-22.24.13:863][272]LogSkeletalMesh: Section 3: 66 vertices, 1 active bones
[2020.09.24-22.24.13:914][272]LogSkeletalMesh: Section 4: 77959 vertices, 1 active bones
[2020.09.24-22.24.13:915][272]LogSkeletalMesh: Section 5: 1260 vertices, 1 active bones
[2020.09.24-22.24.13:961][272]LogSkeletalMesh: Section 0: Material=0, 29854 triangles
[2020.09.24-22.24.13:961][272]LogSkeletalMesh: Section 1: Material=1, 13360 triangles
[2020.09.24-22.24.13:961][272]LogSkeletalMesh: Section 2: Material=2, 327 triangles
[2020.09.24-22.24.13:961][272]LogSkeletalMesh: Section 3: Material=3, 44 triangles
[2020.09.24-22.24.13:962][272]LogSkeletalMesh: Section 4: Material=4, 125672 triangles
[2020.09.24-22.24.13:962][272]LogSkeletalMesh: Section 5: Material=5, 1248 triangles
[2020.09.24-22.24.14:163][272]LogSkeletalMesh: Building Skeletal Mesh MultiuserRover...
[2020.09.24-22.24.22:986][272]LogSkeletalMesh: Section 0: 24191 vertices, 13 active bones
[2020.09.24-22.24.22:990][272]LogSkeletalMesh: Section 1: 13094 vertices, 5 active bones
[2020.09.24-22.24.22:991][272]LogSkeletalMesh: Section 2: 500 vertices, 1 active bones
[2020.09.24-22.24.22:991][272]LogSkeletalMesh: Section 3: 66 vertices, 1 active bones
[2020.09.24-22.24.23:026][272]LogSkeletalMesh: Section 4: 77959 vertices, 1 active bones
[2020.09.24-22.24.23:026][272]LogSkeletalMesh: Section 5: 1260 vertices, 1 active bones
[2020.09.24-22.24.23:061][272]LogSkeletalMesh: Section 0: Material=0, 29854 triangles
[2020.09.24-22.24.23:061][272]LogSkeletalMesh: Section 1: Material=1, 13360 triangles
[2020.09.24-22.24.23:061][272]LogSkeletalMesh: Section 2: Material=2, 327 triangles
[2020.09.24-22.24.23:061][272]LogSkeletalMesh: Section 3: Material=3, 44 triangles
[2020.09.24-22.24.23:062][272]LogSkeletalMesh: Section 4: Material=4, 125672 triangles
[2020.09.24-22.24.23:062][272]LogSkeletalMesh: Section 5: Material=5, 1248 triangles
[2020.09.24-22.24.24:790][272]LogSkeletalMesh: Built Skeletal Mesh [10.63s] /Game/Models/multiuserRover/MultiuserRover.MultiuserRover
[2020.09.24-22.24.26:493][272]LogWorld: UWorld::CleanupWorld for World_0, bSessionEnded=true, bCleanupResources=true
[2020.09.24-22.24.26:494][272]LogSlate: InvalidateAllWidgets triggered.  All widgets were invalidated
[2020.09.24-22.24.27:496][273]Cmd: OBJ SAVEPACKAGE PACKAGE="/Game/Models/multiuserRover/MultiuserRover" FILE="../../../../../Github/ReXRR/ReXRR/Content/Models/multiuserRover/MultiuserRover.uasset" SILENT=true
[2020.09.24-22.24.27:973][273]LogShaderCompilers: Display: Worker (1/5): shaders left to compile 54
[2020.09.24-22.24.28:971][273]LogShaderCompilers: Display: Worker (3/5): shaders left to compile 44
[2020.09.24-22.24.29:009][273]LogSavePackage: Moving '../../../../../Github/ReXRR/ReXRR/Saved/MultiuserRoverB3ECF9BC490F89925A04419C60EE957B.tmp' to '../../../../../Github/ReXRR/ReXRR/Content/Models/multiuserRover/MultiuserRover.uasset'
[2020.09.24-22.24.30:009][274]AssetCheck: New page: Asset Save: MultiuserRover
[2020.09.24-22.24.30:009][274]LogContentValidation: Display: Validating SkeletalMesh /Game/Models/multiuserRover/MultiuserRover.MultiuserRover
[2020.09.24-22.24.32:292][407]AssetReimport: Importing new asset /Game/Models/multiuserRover/MultiuserRover.
[2020.09.24-22.24.33:054][447]LogShaderCompilers: Display: Worker (4/5): shaders left to compile 34
[2020.09.24-22.24.34:399][476]LogShaderCompilers: Display: Worker (2/5): shaders left to compile 25
[2020.09.24-22.24.34:399][476]LogSlate: Took 0.000319 seconds to synchronously load lazily loaded font '../../../Engine/Content/Slate/Fonts/Roboto-Light.ttf' (167K)
[2020.09.24-22.24.40:157][749]LogShaderCompilers: Display: Worker (3/5): shaders left to compile 18
[2020.09.24-22.24.40:157][749]LogShaderCompilers: Display: Worker (1/5): shaders left to compile 13
[2020.09.24-22.24.41:739][814]LogShaderCompilers: Display: Worker (2/5): shaders left to compile 9
[2020.09.24-22.24.43:381][913]LogShaderCompilers: Display: Worker (4/5): shaders left to compile 6
[2020.09.24-22.24.45:645][ 23]LogShaderCompilers: Display: Worker (3/5): shaders left to compile 4
[2020.09.24-22.24.46:509][ 69]LogShaderCompilers: Display: Worker (1/5): shaders left to compile 2
[2020.09.24-22.24.46:662][ 76]LogShaderCompilers: Display: Worker (2/5): shaders left to compile 1
[2020.09.24-22.25.39:562][470]LogUObjectHash: Compacting FUObjectHashTables data took   1.59ms
[2020.09.24-22.25.39:601][470]Cmd: OBJ SAVEPACKAGE PACKAGE="/Game/Maps/RobotTableInfinite" FILE="../../../../../Github/ReXRR/ReXRR/Content/Maps/RobotTableInfinite.umap" SILENT=true AUTOSAVING=false KEEPDIRTY=false
[2020.09.24-22.25.40:341][470]LogUObjectHash: Compacting FUObjectHashTables data took   0.72ms
[2020.09.24-22.25.40:513][470]LogSavePackage: Moving '../../../../../Github/ReXRR/ReXRR/Saved/RobotTableInfinite6DC3B90D4A466D32A3DB38BE8D165569.tmp' to '../../../../../Github/ReXRR/ReXRR/Content/Maps/RobotTableInfinite.umap'
[2020.09.24-22.25.40:574][470]LogFileHelpers: Saving map 'RobotTableInfinite' took 0.973
[2020.09.24-22.25.40:586][470]Cmd: OBJ SAVEPACKAGE PACKAGE="/Game/Models/multiuserRover/Wheels" FILE="../../../../../Github/ReXRR/ReXRR/Content/Models/multiuserRover/Wheels.uasset" SILENT=true
[2020.09.24-22.25.40:608][470]LogSavePackage: Moving '../../../../../Github/ReXRR/ReXRR/Saved/WheelsC6B3A2334A1D654E4340199FA3D33609.tmp' to '../../../../../Github/ReXRR/ReXRR/Content/Models/multiuserRover/Wheels.uasset'
[2020.09.24-22.25.40:622][470]Cmd: OBJ SAVEPACKAGE PACKAGE="/Game/Models/multiuserRover/Suspension" FILE="../../../../../Github/ReXRR/ReXRR/Content/Models/multiuserRover/Suspension.uasset" SILENT=true
[2020.09.24-22.25.40:638][470]LogSavePackage: Moving '../../../../../Github/ReXRR/ReXRR/Saved/SuspensionCCF920E048C93A960C6C4B8737854E61.tmp' to '../../../../../Github/ReXRR/ReXRR/Content/Models/multiuserRover/Suspension.uasset'
[2020.09.24-22.25.40:652][470]Cmd: OBJ SAVEPACKAGE PACKAGE="/Game/Models/multiuserRover/Mast_Cam_Body" FILE="../../../../../Github/ReXRR/ReXRR/Content/Models/multiuserRover/Mast_Cam_Body.uasset" SILENT=true
[2020.09.24-22.25.40:673][470]LogSavePackage: Moving '../../../../../Github/ReXRR/ReXRR/Saved/Mast_Cam_BodyE820104143D0210AE5EB1F9533239EE4.tmp' to '../../../../../Github/ReXRR/ReXRR/Content/Models/multiuserRover/Mast_Cam_Body.uasset'
[2020.09.24-22.25.40:688][470]Cmd: OBJ SAVEPACKAGE PACKAGE="/Game/Models/multiuserRover/Body_Accents" FILE="../../../../../Github/ReXRR/ReXRR/Content/Models/multiuserRover/Body_Accents.uasset" SILENT=true
[2020.09.24-22.25.40:731][470]LogSavePackage: Moving '../../../../../Github/ReXRR/ReXRR/Saved/Body_Accents8DF293DD40EA6EA4A1BBBA9749EE034F.tmp' to '../../../../../Github/ReXRR/ReXRR/Content/Models/multiuserRover/Body_Accents.uasset'
[2020.09.24-22.25.40:748][470]Cmd: OBJ SAVEPACKAGE PACKAGE="/Game/Models/multiuserRover/Torso" FILE="../../../../../Github/ReXRR/ReXRR/Content/Models/multiuserRover/Torso.uasset" SILENT=true
[2020.09.24-22.25.40:774][470]LogSavePackage: Moving '../../../../../Github/ReXRR/ReXRR/Saved/TorsoC4D8D77C4279E4D94329EA96313EF534.tmp' to '../../../../../Github/ReXRR/ReXRR/Content/Models/multiuserRover/Torso.uasset'
[2020.09.24-22.25.40:790][470]Cmd: OBJ SAVEPACKAGE PACKAGE="/Game/Models/multiuserRover/Yellow" FILE="../../../../../Github/ReXRR/ReXRR/Content/Models/multiuserRover/Yellow.uasset" SILENT=true
[2020.09.24-22.25.40:825][470]LogSavePackage: Moving '../../../../../Github/ReXRR/ReXRR/Saved/Yellow0F678882445A6C1A50FE1CA3AAC11B8B.tmp' to '../../../../../Github/ReXRR/ReXRR/Content/Models/multiuserRover/Yellow.uasset'
[2020.09.24-22.25.40:828][470]Cmd: OBJ SAVEPACKAGE PACKAGE="/Game/Models/multiuserRover/MultiuserRover_Skeleton" FILE="../../../../../Github/ReXRR/ReXRR/Content/Models/multiuserRover/MultiuserRover_Skeleton.uasset" SILENT=true
[2020.09.24-22.25.40:839][470]LogSavePackage: Moving '../../../../../Github/ReXRR/ReXRR/Saved/MultiuserRover_SkeletonF694E02448B19CC83268DE88D5C6E525.tmp' to '../../../../../Github/ReXRR/ReXRR/Content/Models/multiuserRover/MultiuserRover_Skeleton.uasset'
[2020.09.24-22.25.40:853][470]Cmd: OBJ SAVEPACKAGE PACKAGE="/Game/Models/multiuserRover/MultiuserRover_PhysicsAsset" FILE="../../../../../Github/ReXRR/ReXRR/Content/Models/multiuserRover/MultiuserRover_PhysicsAsset.uasset" SILENT=true
[2020.09.24-22.25.40:872][470]LogSavePackage: Moving '../../../../../Github/ReXRR/ReXRR/Saved/MultiuserRover_PhysicsAsset656EF6B04A789189D0286EBA957FA59A.tmp' to '../../../../../Github/ReXRR/ReXRR/Content/Models/multiuserRover/MultiuserRover_PhysicsAsset.uasset'
[2020.09.24-22.25.40:928][470]AssetCheck: New page: Asset Save: multiple assets
[2020.09.24-22.25.40:928][470]LogContentValidation: Display: Validating World /Game/Maps/RobotTableInfinite.RobotTableInfinite
[2020.09.24-22.25.40:928][470]LogContentValidation: Display: Validating Material /Game/Models/multiuserRover/Wheels.Wheels
[2020.09.24-22.25.40:928][470]LogContentValidation: Display: Validating Material /Game/Models/multiuserRover/Suspension.Suspension
[2020.09.24-22.25.40:928][470]LogContentValidation: Display: Validating Material /Game/Models/multiuserRover/Mast_Cam_Body.Mast_Cam_Body
[2020.09.24-22.25.40:928][470]LogContentValidation: Display: Validating Material /Game/Models/multiuserRover/Body_Accents.Body_Accents
[2020.09.24-22.25.40:928][470]LogContentValidation: Display: Validating Material /Game/Models/multiuserRover/Torso.Torso
[2020.09.24-22.25.40:928][470]LogContentValidation: Display: Validating Material /Game/Models/multiuserRover/Yellow.Yellow
[2020.09.24-22.25.40:928][470]LogContentValidation: Display: Validating Skeleton /Game/Models/multiuserRover/MultiuserRover_Skeleton.MultiuserRover_Skeleton
[2020.09.24-22.25.40:928][470]LogContentValidation: Display: Validating PhysicsAsset /Game/Models/multiuserRover/MultiuserRover_PhysicsAsset.MultiuserRover_PhysicsAsset
[2020.09.24-22.26.52:880][842]LogAssetEditorSubsystem: Opening Asset editor for PhysicsAsset /Game/Models/multiuserRover/MultiuserRover_PhysicsAsset.MultiuserRover_PhysicsAsset
[2020.09.24-22.26.53:931][842]LogContentBrowser: Native class hierarchy updated for 'PhysicsAssetEditor' in 0.0005 seconds. Added 8 classes and 3 folders.
[2020.09.24-22.26.54:004][842]LogContentBrowser: Native class hierarchy updated for 'SkeletonEditor' in 0.0008 seconds. Added 1 classes and 2 folders.
[2020.09.24-22.26.54:971][842]LogActorComponent: RegisterComponentWithWorld: (/Engine/Transient.World_4:PersistentLevel.AnimationEditorPreviewActor_0.PhysicsAssetEditorSkeletalMeshComponent_0) Already registered. Aborting.
[2020.09.24-22.26.55:036][842]LogContentBrowser: Native class hierarchy updated for 'PinnedCommandList' in 0.0019 seconds. Added 1 classes and 0 folders.
[2020.09.24-22.26.56:346][842]LogSlate: Took 0.033676 seconds to synchronously load lazily loaded font '../../../Engine/Content/Slate/Fonts/Roboto-BoldCondensed.ttf' (158K)
[2020.09.24-22.26.56:481][842]LogRenderer: Reallocating scene render targets to support 1156x680 Format 10 NumSamples 1 (Frame:1).
[2020.09.24-22.26.56:481][842]LogStaticMesh: Allocated 427x64x64 distance field atlas = 3.3Mb, with 31 objects containing 2.4Mb backing data
[2020.09.24-22.27.14:753][474]LogSlate: Window 'MultiuserRover_PhysicsAsset' being destroyed
[2020.09.24-22.27.14:775][474]LogWorld: UWorld::CleanupWorld for World_4, bSessionEnded=true, bCleanupResources=true
[2020.09.24-22.27.14:775][474]LogSlate: InvalidateAllWidgets triggered.  All widgets were invalidated
[2020.09.24-22.30.40:679][986]LogAssetEditorSubsystem: Opening Asset editor for Skeleton /Game/Models/multiuserRover/MultiuserRover_Skeleton.MultiuserRover_Skeleton
[2020.09.24-22.30.40:691][986]LogActorComponent: RegisterComponentWithWorld: (/Engine/Transient.World_5:PersistentLevel.AnimationEditorPreviewActor_0.DebugSkelMeshComponent_0) Already registered. Aborting.
[2020.09.24-22.30.41:172][986]LogSkeletalMesh: USkeletalMeshComponent::InitArticulated : Bodies already created (/Engine/Transient.World_5:PersistentLevel.AnimationEditorPreviewActor_0.DebugSkelMeshComponent_0) - call TermArticulated first.
[2020.09.24-22.30.53:487][469]Cmd: TRANSACTION UNDO
[2020.09.24-22.30.53:487][469]LogEditorTransaction: Undo Rotate Bone
[2020.09.24-22.30.54:272][469]LogActorComponent: RegisterComponentWithWorld: (/Engine/Transient.World_5:PersistentLevel.AnimationEditorPreviewActor_0.DebugSkelMeshComponent_0) Already registered. Aborting.
[2020.09.24-22.30.59:466][668]LogSlate: Window 'MultiuserRover_Skeleton' being destroyed
[2020.09.24-22.30.59:481][668]LogWorld: UWorld::CleanupWorld for World_5, bSessionEnded=true, bCleanupResources=true
[2020.09.24-22.30.59:481][668]LogSlate: InvalidateAllWidgets triggered.  All widgets were invalidated
[2020.09.24-22.31.11:666][396]LogSlate: WidgetSwitcher ('None') active index changed to -1
[2020.09.24-22.31.11:670][396]LogSlate: WidgetSwitcher ('None') active index changed to 0
[2020.09.24-22.32.45:116][484]LogSlate: WidgetSwitcher ('None') active index changed to 1
[2020.09.24-22.32.59:556][118]Running D:/Epic Games/UE_4.25/Engine/Binaries/DotNET/UnrealBuildTool.exe  -projectfiles -project="D:/Github/ReXRR/ReXRR/ReXRR.uproject" -game -rocket -progress
[2020.09.24-22.33.01:270][118]Discovering modules, targets and source code for project...
[2020.09.24-22.33.04:291][118]WARNING: Trying to build an enterprise target but the enterprise directory is missing. Falling back on engine components only.
[2020.09.24-22.33.09:121][118]Binding IntelliSense data...
[2020.09.24-22.33.30:181][118]Binding IntelliSense data... 50%
[2020.09.24-22.33.30:182][118]Binding IntelliSense data... 100%
[2020.09.24-22.33.30:182][118]Writing project files...
[2020.09.24-22.34.04:010][118]Writing project files... 67%
[2020.09.24-22.34.04:010][118]Writing project files... 100%
[2020.09.24-22.34.04:130][118]LogHotReload: Recompiling module ReXRR...
[2020.09.24-22.34.04:153][118]LogVSAccessor: Warning: Couldn't access Visual Studio
[2020.09.24-22.34.04:369][118]Candidate modules for hot reload:
[2020.09.24-22.34.04:369][118]  ReXRR
[2020.09.24-22.34.04:369][118]Launching UnrealBuildTool... [D:/Epic Games/UE_4.25/Engine/Binaries/DotNET/UnrealBuildTool.exe  -ModuleWithSuffix=ReXRR,4194 ReXRREditor Win64 Development -Project="D:/Github/ReXRR/ReXRR/ReXRR.uproject" "D:/Github/ReXRR/ReXRR/ReXRR.uproject"  -IgnoreJunk]
[2020.09.24-22.37.08:001][118]Using 'git status' to determine working set for adaptive non-unity build (D:\Github\ReXRR).
Creating makefile for ReXRREditor (no existing makefile)
WARNING: Trying to build an enterprise target but the enterprise directory is missing. Falling back on engine components only.
Parsing headers for ReXRREditor
  Running UnrealHeaderTool "D:\Github\ReXRR\ReXRR\ReXRR.uproject" "D:\Github\ReXRR\ReXRR\Intermediate\Build\Win64\ReXRREditor\Development\ReXRREditor.uhtmanifest" -LogCmds="loginit warning, logexit warning, logdatabase error" -Unattended -WarningsAsErrors -abslog="C:\Users\neil\AppData\Local\UnrealBuildTool\Log_UHT.txt" -installed
Reflection code generated for ReXRREditor in 16.4495164 seconds
Building ReXRREditor...
Using Visual Studio 2019 14.27.29111 toolchain (C:\Program Files (x86)\Microsoft Visual Studio\2019\Community\VC\Tools\MSVC\14.27.29110) and Windows 10.0.18362.0 SDK (C:\Program Files (x86)\Windows Kits\10).
Building 9 actions with 8 processes...
  [1/9] Default.rc2
  [2/9] SharedPCH.Engine.ShadowErrors.cpp
  [3/9] ReXRR.init.gen.cpp
  [4/9] roverPawn.cpp
  [5/9] roverPawn.gen.cpp
  [6/9] ReXRR.cpp
  [7/9] UE4Editor-ReXRR-4194.lib
     Creating library D:\Github\ReXRR\ReXRR\Intermediate\Build\Win64\UE4Editor\Development\ReXRR\UE4Editor-ReXRR-4194.lib and object D:\Github\ReXRR\ReXRR\Intermediate\Build\Win64\UE4Editor\Development\ReXRR\UE4Editor-ReXRR-4194.exp
  [8/9] UE4Editor-ReXRR-4194.dll
     Creating library D:\Github\ReXRR\ReXRR\Intermediate\Build\Win64\UE4Editor\Development\ReXRR\UE4Editor-ReXRR-4194.suppressed.lib and object D:\Github\ReXRR\ReXRR\Intermediate\Build\Win64\UE4Editor\Development\ReXRR\UE4Editor-ReXRR-4194.suppressed.exp
  [9/9] ReXRREditor.target
Total time in Parallel executor: 97.88 seconds
Total execution time: 183.44 seconds

[2020.09.24-22.37.08:056][118]CompilerResultsLog: New page: Compilation - Sep 24, 2020, 12:37:08 PM
[2020.09.24-22.37.08:079][118]CompilerResultsLog: Using 'git status' to determine working set for adaptive non-unity build (D:\Github\ReXRR).
[2020.09.24-22.37.08:079][118]CompilerResultsLog: Creating makefile for ReXRREditor (no existing makefile)
[2020.09.24-22.37.08:079][118]CompilerResultsLog: WARNING: Trying to build an enterprise target but the enterprise directory is missing. Falling back on engine components only.
[2020.09.24-22.37.08:079][118]CompilerResultsLog: Parsing headers for ReXRREditor
[2020.09.24-22.37.08:079][118]CompilerResultsLog:   Running UnrealHeaderTool "D:\Github\ReXRR\ReXRR\ReXRR.uproject" "D:\Github\ReXRR\ReXRR\Intermediate\Build\Win64\ReXRREditor\Development\ReXRREditor.uhtmanifest" -LogCmds="loginit warning, logexit warning, logdatabase error" -Unattended -WarningsAsErrors -abslog="C:\Users\neil\AppData\Local\UnrealBuildTool\Log_UHT.txt" -installed
[2020.09.24-22.37.08:079][118]CompilerResultsLog: Reflection code generated for ReXRREditor in 16.4495164 seconds
[2020.09.24-22.37.08:079][118]CompilerResultsLog: Building ReXRREditor...
[2020.09.24-22.37.08:079][118]CompilerResultsLog: Using Visual Studio 2019 14.27.29111 toolchain (C:\Program Files (x86)\Microsoft Visual Studio\2019\Community\VC\Tools\MSVC\14.27.29110) and Windows 10.0.18362.0 SDK (C:\Program Files (x86)\Windows Kits\10).
[2020.09.24-22.37.08:079][118]CompilerResultsLog: Building 9 actions with 8 processes...
[2020.09.24-22.37.08:079][118]CompilerResultsLog:   [1/9] Default.rc2
[2020.09.24-22.37.08:079][118]CompilerResultsLog:   [2/9] SharedPCH.Engine.ShadowErrors.cpp
[2020.09.24-22.37.08:079][118]CompilerResultsLog:   [3/9] ReXRR.init.gen.cpp
[2020.09.24-22.37.08:079][118]CompilerResultsLog:   [4/9] roverPawn.cpp
[2020.09.24-22.37.08:079][118]CompilerResultsLog:   [5/9] roverPawn.gen.cpp
[2020.09.24-22.37.08:079][118]CompilerResultsLog:   [6/9] ReXRR.cpp
[2020.09.24-22.37.08:079][118]CompilerResultsLog:   [7/9] UE4Editor-ReXRR-4194.lib
[2020.09.24-22.37.08:080][118]CompilerResultsLog:      Creating library D:\Github\ReXRR\ReXRR\Intermediate\Build\Win64\UE4Editor\Development\ReXRR\UE4Editor-ReXRR-4194.lib and object D:\Github\ReXRR\ReXRR\Intermediate\Build\Win64\UE4Editor\Development\ReXRR\UE4Editor-ReXRR-4194.exp
[2020.09.24-22.37.08:080][118]CompilerResultsLog:   [8/9] UE4Editor-ReXRR-4194.dll
[2020.09.24-22.37.08:080][118]CompilerResultsLog:      Creating library D:\Github\ReXRR\ReXRR\Intermediate\Build\Win64\UE4Editor\Development\ReXRR\UE4Editor-ReXRR-4194.suppressed.lib and object D:\Github\ReXRR\ReXRR\Intermediate\Build\Win64\UE4Editor\Development\ReXRR\UE4Editor-ReXRR-4194.suppressed.exp
[2020.09.24-22.37.08:080][118]CompilerResultsLog:   [9/9] ReXRREditor.target
[2020.09.24-22.37.08:080][118]CompilerResultsLog: Total time in Parallel executor: 97.88 seconds
[2020.09.24-22.37.08:080][118]CompilerResultsLog: Total execution time: 183.44 seconds
[2020.09.24-22.37.08:080][118]LogMainFrame: MainFrame: Module compiling took 183.909 seconds
[2020.09.24-22.37.08:268][118]Reloading module ReXRR after successful compile.
[2020.09.24-22.37.08:478][118]LogClass: Could not find existing package /Script/ReXRR for HotReload of class roverPawn, assuming a new package.
[2020.09.24-22.37.08:480][118]LogContentBrowser: Native class hierarchy updated for 'ReXRR' in 0.0008 seconds. Added 1 classes and 2 folders.
[2020.09.24-22.37.09:015][118]LogUObjectHash: Compacting FUObjectHashTables data took   1.35ms
[2020.09.24-22.37.09:041][118]LogContentBrowser: Native class hierarchy populated in 0.0133 seconds. Added 3816 classes and 918 folders.
[2020.09.24-22.37.10:115][118]LogSlate: Window 'Add C++ Class' being destroyed
[2020.09.24-22.37.12:547][122]LogAudioMixer: Display: Audio Buffer Underrun detected.
